mode: set
github.com/caiojorge/fiap-challenge-ddd/cmd/fakepaymentservice/main.go:58.13,64.38 4 0
github.com/caiojorge/fiap-challenge-ddd/cmd/fakepaymentservice/main.go:64.38,65.73 1 0
github.com/caiojorge/fiap-challenge-ddd/cmd/fakepaymentservice/main.go:68.2,69.16 2 0
github.com/caiojorge/fiap-challenge-ddd/cmd/fakepaymentservice/main.go:69.16,70.13 1 0
github.com/caiojorge/fiap-challenge-ddd/cmd/fakepaymentservice/main.go:72.2,77.98 3 0
github.com/caiojorge/fiap-challenge-ddd/cmd/fakepaymentservice/main.go:77.98,79.48 2 0
github.com/caiojorge/fiap-challenge-ddd/cmd/fakepaymentservice/main.go:79.48,82.4 2 0
github.com/caiojorge/fiap-challenge-ddd/cmd/fakepaymentservice/main.go:85.3,100.13 5 0
github.com/caiojorge/fiap-challenge-ddd/cmd/fakepaymentservice/main.go:100.13,103.4 2 0
github.com/caiojorge/fiap-challenge-ddd/cmd/fakepaymentservice/main.go:107.2,107.52 1 0
github.com/caiojorge/fiap-challenge-ddd/cmd/fakepaymentservice/main.go:107.52,112.3 1 0
github.com/caiojorge/fiap-challenge-ddd/cmd/fakepaymentservice/main.go:114.2,117.23 2 0
github.com/caiojorge/fiap-challenge-ddd/cmd/fakepaymentservice/main.go:120.51,129.16 4 0
github.com/caiojorge/fiap-challenge-ddd/cmd/fakepaymentservice/main.go:129.16,132.3 2 0
github.com/caiojorge/fiap-challenge-ddd/cmd/fakepaymentservice/main.go:135.2,140.16 4 0
github.com/caiojorge/fiap-challenge-ddd/cmd/fakepaymentservice/main.go:140.16,143.3 2 0
github.com/caiojorge/fiap-challenge-ddd/cmd/fakepaymentservice/main.go:144.2,147.45 3 0
github.com/caiojorge/fiap-challenge-ddd/cmd/kitchencontrol/main.go:34.13,48.16 6 0
github.com/caiojorge/fiap-challenge-ddd/cmd/kitchencontrol/main.go:48.16,49.13 1 0
github.com/caiojorge/fiap-challenge-ddd/cmd/kitchencontrol/main.go:51.2,72.28 11 0
github.com/caiojorge/fiap-challenge-ddd/cmd/kitchencontrol/main.go:76.47,83.33 1 0
github.com/caiojorge/fiap-challenge-ddd/cmd/kitchencontrol/main.go:83.33,85.3 1 0
github.com/caiojorge/fiap-challenge-ddd/cmd/kitchencontrol/main.go:88.86,96.2 5 0
github.com/caiojorge/fiap-challenge-ddd/cmd/kitchencontrol/main.go:98.43,118.23 10 0
github.com/caiojorge/fiap-challenge-ddd/cmd/kitchencontrol/main.go:118.23,120.3 1 0
github.com/caiojorge/fiap-challenge-ddd/cmd/kitchencontrol/main.go:122.2,122.19 1 0
github.com/caiojorge/fiap-challenge-ddd/docs/docs.go:1504.13,1506.2 1 0
github.com/caiojorge/fiap-challenge-ddd/internal/infraestructure/driven/converter/customer_converter.go:12.58,21.2 2 1
github.com/caiojorge/fiap-challenge-ddd/internal/infraestructure/driven/converter/customer_converter.go:25.55,28.16 2 1
github.com/caiojorge/fiap-challenge-ddd/internal/infraestructure/driven/converter/customer_converter.go:28.16,30.3 1 0
github.com/caiojorge/fiap-challenge-ddd/internal/infraestructure/driven/converter/customer_converter.go:32.2,40.3 2 1
github.com/caiojorge/fiap-challenge-ddd/internal/infraestructure/driven/converter/order_converter.go:10.42,12.2 1 1
github.com/caiojorge/fiap-challenge-ddd/internal/infraestructure/driven/converter/order_converter.go:14.73,23.2 1 1
github.com/caiojorge/fiap-challenge-ddd/internal/infraestructure/driven/converter/order_converter.go:25.70,39.2 2 1
github.com/caiojorge/fiap-challenge-ddd/internal/infraestructure/driven/converter/order_converter.go:41.64,42.16 1 1
github.com/caiojorge/fiap-challenge-ddd/internal/infraestructure/driven/converter/order_converter.go:42.16,44.3 1 0
github.com/caiojorge/fiap-challenge-ddd/internal/infraestructure/driven/converter/order_converter.go:45.2,45.13 1 1
github.com/caiojorge/fiap-challenge-ddd/internal/infraestructure/driven/converter/order_converter.go:49.89,51.29 2 1
github.com/caiojorge/fiap-challenge-ddd/internal/infraestructure/driven/converter/order_converter.go:51.29,59.3 1 1
github.com/caiojorge/fiap-challenge-ddd/internal/infraestructure/driven/converter/order_converter.go:60.2,60.19 1 1
github.com/caiojorge/fiap-challenge-ddd/internal/infraestructure/driven/converter/order_converter.go:63.87,65.29 2 1
github.com/caiojorge/fiap-challenge-ddd/internal/infraestructure/driven/converter/order_converter.go:65.29,73.3 1 1
github.com/caiojorge/fiap-challenge-ddd/internal/infraestructure/driven/converter/order_converter.go:74.2,74.20 1 1
github.com/caiojorge/fiap-challenge-ddd/internal/infraestructure/driven/converter/product_converter.go:10.46,12.2 1 0
github.com/caiojorge/fiap-challenge-ddd/internal/infraestructure/driven/converter/product_converter.go:14.79,23.2 1 0
github.com/caiojorge/fiap-challenge-ddd/internal/infraestructure/driven/converter/product_converter.go:26.76,29.2 2 0
github.com/caiojorge/fiap-challenge-ddd/internal/shared/generator/id_generator.go:5.30,7.2 1 0
github.com/caiojorge/fiap-challenge-ddd/internal/shared/time/time-locator.go:5.53,7.16 2 0
github.com/caiojorge/fiap-challenge-ddd/internal/shared/time/time-locator.go:7.16,9.3 1 0
github.com/caiojorge/fiap-challenge-ddd/internal/shared/time/time-locator.go:11.2,11.22 1 0
github.com/caiojorge/fiap-challenge-ddd/internal/shared/time/time-locator.go:14.31,17.2 2 0
github.com/caiojorge/fiap-challenge-ddd/internal/domain/repository/mocks/mock_checkout_repository.go:27.81,31.2 3 0
github.com/caiojorge/fiap-challenge-ddd/internal/domain/repository/mocks/mock_checkout_repository.go:34.79,36.2 1 0
github.com/caiojorge/fiap-challenge-ddd/internal/domain/repository/mocks/mock_checkout_repository.go:39.95,44.2 4 0
github.com/caiojorge/fiap-challenge-ddd/internal/domain/repository/mocks/mock_checkout_repository.go:47.94,50.2 2 0
github.com/caiojorge/fiap-challenge-ddd/internal/domain/repository/mocks/mock_checkout_repository.go:53.79,58.2 4 0
github.com/caiojorge/fiap-challenge-ddd/internal/domain/repository/mocks/mock_checkout_repository.go:61.88,64.2 2 0
github.com/caiojorge/fiap-challenge-ddd/internal/domain/repository/mocks/mock_checkout_repository.go:67.97,73.2 5 0
github.com/caiojorge/fiap-challenge-ddd/internal/domain/repository/mocks/mock_checkout_repository.go:76.86,79.2 2 0
github.com/caiojorge/fiap-challenge-ddd/internal/domain/repository/mocks/mock_checkout_repository.go:82.91,88.2 5 0
github.com/caiojorge/fiap-challenge-ddd/internal/domain/repository/mocks/mock_checkout_repository.go:91.85,94.2 2 0
github.com/caiojorge/fiap-challenge-ddd/internal/domain/repository/mocks/mock_checkout_repository.go:97.106,103.2 5 0
github.com/caiojorge/fiap-challenge-ddd/internal/domain/repository/mocks/mock_checkout_repository.go:106.95,109.2 2 0
github.com/caiojorge/fiap-challenge-ddd/internal/domain/repository/mocks/mock_checkout_repository.go:112.95,117.2 4 0
github.com/caiojorge/fiap-challenge-ddd/internal/domain/repository/mocks/mock_checkout_repository.go:120.94,123.2 2 0
github.com/caiojorge/fiap-challenge-ddd/internal/domain/repository/mocks/mock_checkout_repository.go:126.93,131.2 4 0
github.com/caiojorge/fiap-challenge-ddd/internal/domain/repository/mocks/mock_checkout_repository.go:134.102,137.2 2 0
github.com/caiojorge/fiap-challenge-ddd/internal/domain/repository/mocks/mock_customer_repository.go:27.81,31.2 3 0
github.com/caiojorge/fiap-challenge-ddd/internal/domain/repository/mocks/mock_customer_repository.go:34.79,36.2 1 0
github.com/caiojorge/fiap-challenge-ddd/internal/domain/repository/mocks/mock_customer_repository.go:39.95,44.2 4 0
github.com/caiojorge/fiap-challenge-ddd/internal/domain/repository/mocks/mock_customer_repository.go:47.94,50.2 2 0
github.com/caiojorge/fiap-challenge-ddd/internal/domain/repository/mocks/mock_customer_repository.go:53.97,59.2 5 0
github.com/caiojorge/fiap-challenge-ddd/internal/domain/repository/mocks/mock_customer_repository.go:62.86,65.2 2 0
github.com/caiojorge/fiap-challenge-ddd/internal/domain/repository/mocks/mock_customer_repository.go:68.91,74.2 5 0
github.com/caiojorge/fiap-challenge-ddd/internal/domain/repository/mocks/mock_customer_repository.go:77.85,80.2 2 0
github.com/caiojorge/fiap-challenge-ddd/internal/domain/repository/mocks/mock_customer_repository.go:83.95,88.2 4 0
github.com/caiojorge/fiap-challenge-ddd/internal/domain/repository/mocks/mock_customer_repository.go:91.94,94.2 2 0
github.com/caiojorge/fiap-challenge-ddd/internal/domain/repository/mocks/mock_kitchen_repository.go:27.79,31.2 3 0
github.com/caiojorge/fiap-challenge-ddd/internal/domain/repository/mocks/mock_kitchen_repository.go:34.77,36.2 1 0
github.com/caiojorge/fiap-challenge-ddd/internal/domain/repository/mocks/mock_kitchen_repository.go:39.87,44.2 4 0
github.com/caiojorge/fiap-challenge-ddd/internal/domain/repository/mocks/mock_kitchen_repository.go:47.87,50.2 2 0
github.com/caiojorge/fiap-challenge-ddd/internal/domain/repository/mocks/mock_kitchen_repository.go:53.78,58.2 4 0
github.com/caiojorge/fiap-challenge-ddd/internal/domain/repository/mocks/mock_kitchen_repository.go:61.87,64.2 2 0
github.com/caiojorge/fiap-challenge-ddd/internal/domain/repository/mocks/mock_kitchen_repository.go:67.95,73.2 5 0
github.com/caiojorge/fiap-challenge-ddd/internal/domain/repository/mocks/mock_kitchen_repository.go:76.85,79.2 2 0
github.com/caiojorge/fiap-challenge-ddd/internal/domain/repository/mocks/mock_kitchen_repository.go:82.89,88.2 5 0
github.com/caiojorge/fiap-challenge-ddd/internal/domain/repository/mocks/mock_kitchen_repository.go:91.84,94.2 2 0
github.com/caiojorge/fiap-challenge-ddd/internal/domain/repository/mocks/mock_kitchen_repository.go:97.125,103.2 5 0
github.com/caiojorge/fiap-challenge-ddd/internal/domain/repository/mocks/mock_kitchen_repository.go:106.97,109.2 2 0
github.com/caiojorge/fiap-challenge-ddd/internal/domain/repository/mocks/mock_kitchen_repository.go:112.87,117.2 4 0
github.com/caiojorge/fiap-challenge-ddd/internal/domain/repository/mocks/mock_kitchen_repository.go:120.87,123.2 2 0
github.com/caiojorge/fiap-challenge-ddd/internal/domain/repository/mocks/mock_order_repository.go:27.75,31.2 3 0
github.com/caiojorge/fiap-challenge-ddd/internal/domain/repository/mocks/mock_order_repository.go:34.73,36.2 1 0
github.com/caiojorge/fiap-challenge-ddd/internal/domain/repository/mocks/mock_order_repository.go:39.88,44.2 4 0
github.com/caiojorge/fiap-challenge-ddd/internal/domain/repository/mocks/mock_order_repository.go:47.90,50.2 2 0
github.com/caiojorge/fiap-challenge-ddd/internal/domain/repository/mocks/mock_order_repository.go:53.76,58.2 4 0
github.com/caiojorge/fiap-challenge-ddd/internal/domain/repository/mocks/mock_order_repository.go:61.85,64.2 2 0
github.com/caiojorge/fiap-challenge-ddd/internal/domain/repository/mocks/mock_order_repository.go:67.91,73.2 5 0
github.com/caiojorge/fiap-challenge-ddd/internal/domain/repository/mocks/mock_order_repository.go:76.83,79.2 2 0
github.com/caiojorge/fiap-challenge-ddd/internal/domain/repository/mocks/mock_order_repository.go:82.85,88.2 5 0
github.com/caiojorge/fiap-challenge-ddd/internal/domain/repository/mocks/mock_order_repository.go:91.82,94.2 2 0
github.com/caiojorge/fiap-challenge-ddd/internal/domain/repository/mocks/mock_order_repository.go:97.121,103.2 5 0
github.com/caiojorge/fiap-challenge-ddd/internal/domain/repository/mocks/mock_order_repository.go:106.95,109.2 2 0
github.com/caiojorge/fiap-challenge-ddd/internal/domain/repository/mocks/mock_order_repository.go:112.88,117.2 4 0
github.com/caiojorge/fiap-challenge-ddd/internal/domain/repository/mocks/mock_order_repository.go:120.90,123.2 2 0
github.com/caiojorge/fiap-challenge-ddd/internal/domain/repository/mocks/mock_order_repository.go:126.90,131.2 4 0
github.com/caiojorge/fiap-challenge-ddd/internal/domain/repository/mocks/mock_order_repository.go:134.99,137.2 2 0
github.com/caiojorge/fiap-challenge-ddd/internal/domain/repository/mocks/mock_product_repository.go:27.79,31.2 3 0
github.com/caiojorge/fiap-challenge-ddd/internal/domain/repository/mocks/mock_product_repository.go:34.77,36.2 1 0
github.com/caiojorge/fiap-challenge-ddd/internal/domain/repository/mocks/mock_product_repository.go:39.92,44.2 4 0
github.com/caiojorge/fiap-challenge-ddd/internal/domain/repository/mocks/mock_product_repository.go:47.92,50.2 2 0
github.com/caiojorge/fiap-challenge-ddd/internal/domain/repository/mocks/mock_product_repository.go:53.78,58.2 4 0
github.com/caiojorge/fiap-challenge-ddd/internal/domain/repository/mocks/mock_product_repository.go:61.87,64.2 2 0
github.com/caiojorge/fiap-challenge-ddd/internal/domain/repository/mocks/mock_product_repository.go:67.95,73.2 5 0
github.com/caiojorge/fiap-challenge-ddd/internal/domain/repository/mocks/mock_product_repository.go:76.85,79.2 2 0
github.com/caiojorge/fiap-challenge-ddd/internal/domain/repository/mocks/mock_product_repository.go:82.89,88.2 5 0
github.com/caiojorge/fiap-challenge-ddd/internal/domain/repository/mocks/mock_product_repository.go:91.84,94.2 2 0
github.com/caiojorge/fiap-challenge-ddd/internal/domain/repository/mocks/mock_product_repository.go:97.107,103.2 5 0
github.com/caiojorge/fiap-challenge-ddd/internal/domain/repository/mocks/mock_product_repository.go:106.95,109.2 2 0
github.com/caiojorge/fiap-challenge-ddd/internal/domain/repository/mocks/mock_product_repository.go:112.103,118.2 5 0
github.com/caiojorge/fiap-challenge-ddd/internal/domain/repository/mocks/mock_product_repository.go:121.93,124.2 2 0
github.com/caiojorge/fiap-challenge-ddd/internal/domain/repository/mocks/mock_product_repository.go:127.92,132.2 4 0
github.com/caiojorge/fiap-challenge-ddd/internal/domain/repository/mocks/mock_product_repository.go:135.92,138.2 2 0
github.com/caiojorge/fiap-challenge-ddd/internal/domain/repository/mocks/mock_transaction_manager.go:26.81,30.2 3 0
github.com/caiojorge/fiap-challenge-ddd/internal/domain/repository/mocks/mock_transaction_manager.go:33.79,35.2 1 0
github.com/caiojorge/fiap-challenge-ddd/internal/domain/repository/mocks/mock_transaction_manager.go:38.110,43.2 4 0
github.com/caiojorge/fiap-challenge-ddd/internal/domain/repository/mocks/mock_transaction_manager.go:46.98,49.2 2 0
github.com/caiojorge/fiap-challenge-ddd/internal/domain/valueobject/cpf.go:12.41,19.16 3 1
github.com/caiojorge/fiap-challenge-ddd/internal/domain/valueobject/cpf.go:19.16,21.3 1 1
github.com/caiojorge/fiap-challenge-ddd/internal/domain/valueobject/cpf.go:23.2,23.17 1 1
github.com/caiojorge/fiap-challenge-ddd/internal/domain/valueobject/cpf.go:26.33,28.2 1 1
github.com/caiojorge/fiap-challenge-ddd/internal/domain/valueobject/cpf.go:30.32,36.2 3 1
github.com/caiojorge/fiap-challenge-ddd/internal/domain/valueobject/cpf.go:38.40,42.16 3 1
github.com/caiojorge/fiap-challenge-ddd/internal/domain/valueobject/cpf.go:42.16,44.3 1 0
github.com/caiojorge/fiap-challenge-ddd/internal/domain/valueobject/cpf.go:46.2,46.26 1 1
github.com/caiojorge/fiap-challenge-ddd/internal/domain/valueobject/cpf.go:49.37,53.2 2 1
github.com/caiojorge/fiap-challenge-ddd/internal/domain/valueobject/delivery.go:11.53,17.2 1 0
github.com/caiojorge/fiap-challenge-ddd/internal/domain/valueobject/gateway.go:9.66,14.2 1 0
github.com/caiojorge/fiap-challenge-ddd/internal/domain/entity/checkout.go:20.109,28.2 1 1
github.com/caiojorge/fiap-challenge-ddd/internal/domain/entity/checkout.go:30.97,38.16 6 0
github.com/caiojorge/fiap-challenge-ddd/internal/domain/entity/checkout.go:38.16,40.3 1 0
github.com/caiojorge/fiap-challenge-ddd/internal/domain/entity/checkout.go:42.2,42.12 1 0
github.com/caiojorge/fiap-challenge-ddd/internal/domain/entity/checkout.go:45.37,46.21 1 0
github.com/caiojorge/fiap-challenge-ddd/internal/domain/entity/checkout.go:46.21,48.3 1 0
github.com/caiojorge/fiap-challenge-ddd/internal/domain/entity/checkout.go:50.2,50.12 1 0
github.com/caiojorge/fiap-challenge-ddd/internal/domain/entity/customer.go:17.64,19.16 2 0
github.com/caiojorge/fiap-challenge-ddd/internal/domain/entity/customer.go:19.16,21.3 1 0
github.com/caiojorge/fiap-challenge-ddd/internal/domain/entity/customer.go:22.2,26.22 2 0
github.com/caiojorge/fiap-challenge-ddd/internal/domain/entity/customer.go:30.70,31.16 1 1
github.com/caiojorge/fiap-challenge-ddd/internal/domain/entity/customer.go:31.16,34.3 1 1
github.com/caiojorge/fiap-challenge-ddd/internal/domain/entity/customer.go:36.2,38.8 1 1
github.com/caiojorge/fiap-challenge-ddd/internal/domain/entity/customer.go:41.78,50.44 2 1
github.com/caiojorge/fiap-challenge-ddd/internal/domain/entity/customer.go:50.44,52.3 1 0
github.com/caiojorge/fiap-challenge-ddd/internal/domain/entity/customer.go:54.2,54.22 1 1
github.com/caiojorge/fiap-challenge-ddd/internal/domain/entity/customer.go:58.63,63.37 3 1
github.com/caiojorge/fiap-challenge-ddd/internal/domain/entity/customer.go:63.37,65.3 1 0
github.com/caiojorge/fiap-challenge-ddd/internal/domain/entity/customer.go:67.2,67.12 1 1
github.com/caiojorge/fiap-challenge-ddd/internal/domain/entity/customer.go:72.46,74.2 1 1
github.com/caiojorge/fiap-challenge-ddd/internal/domain/entity/customer.go:76.37,78.2 1 1
github.com/caiojorge/fiap-challenge-ddd/internal/domain/entity/customer.go:80.38,82.2 1 1
github.com/caiojorge/fiap-challenge-ddd/internal/domain/entity/customer.go:85.37,87.28 1 1
github.com/caiojorge/fiap-challenge-ddd/internal/domain/entity/customer.go:87.28,89.3 1 0
github.com/caiojorge/fiap-challenge-ddd/internal/domain/entity/customer.go:91.2,91.18 1 1
github.com/caiojorge/fiap-challenge-ddd/internal/domain/entity/customer.go:91.18,93.3 1 0
github.com/caiojorge/fiap-challenge-ddd/internal/domain/entity/customer.go:95.2,95.48 1 1
github.com/caiojorge/fiap-challenge-ddd/internal/domain/entity/customer.go:95.48,97.3 1 0
github.com/caiojorge/fiap-challenge-ddd/internal/domain/entity/customer.go:99.2,99.12 1 1
github.com/caiojorge/fiap-challenge-ddd/internal/domain/entity/customer.go:103.41,107.2 2 1
github.com/caiojorge/fiap-challenge-ddd/internal/domain/entity/kitchen.go:19.42,26.2 1 0
github.com/caiojorge/fiap-challenge-ddd/internal/domain/entity/kitchen.go:28.42,30.2 1 0
github.com/caiojorge/fiap-challenge-ddd/internal/domain/entity/kitchen.go:31.58,33.2 1 0
github.com/caiojorge/fiap-challenge-ddd/internal/domain/entity/kitchen.go:35.44,37.2 1 0
github.com/caiojorge/fiap-challenge-ddd/internal/domain/entity/order.go:30.63,39.26 2 1
github.com/caiojorge/fiap-challenge-ddd/internal/domain/entity/order.go:39.26,41.3 1 1
github.com/caiojorge/fiap-challenge-ddd/internal/domain/entity/order.go:43.2,44.16 2 1
github.com/caiojorge/fiap-challenge-ddd/internal/domain/entity/order.go:44.16,46.3 1 1
github.com/caiojorge/fiap-challenge-ddd/internal/domain/entity/order.go:48.2,48.20 1 1
github.com/caiojorge/fiap-challenge-ddd/internal/domain/entity/order.go:51.70,53.31 1 1
github.com/caiojorge/fiap-challenge-ddd/internal/domain/entity/order.go:53.31,54.34 1 1
github.com/caiojorge/fiap-challenge-ddd/internal/domain/entity/order.go:54.34,56.4 1 1
github.com/caiojorge/fiap-challenge-ddd/internal/domain/entity/order.go:59.2,59.12 1 0
github.com/caiojorge/fiap-challenge-ddd/internal/domain/entity/order.go:65.33,72.31 3 1
github.com/caiojorge/fiap-challenge-ddd/internal/domain/entity/order.go:72.31,74.3 1 1
github.com/caiojorge/fiap-challenge-ddd/internal/domain/entity/order.go:77.2,81.16 3 1
github.com/caiojorge/fiap-challenge-ddd/internal/domain/entity/order.go:81.16,83.3 1 0
github.com/caiojorge/fiap-challenge-ddd/internal/domain/entity/order.go:85.2,85.12 1 1
github.com/caiojorge/fiap-challenge-ddd/internal/domain/entity/order.go:88.56,90.31 1 0
github.com/caiojorge/fiap-challenge-ddd/internal/domain/entity/order.go:90.31,91.36 1 0
github.com/caiojorge/fiap-challenge-ddd/internal/domain/entity/order.go:91.36,92.36 1 0
github.com/caiojorge/fiap-challenge-ddd/internal/domain/entity/order.go:92.36,94.5 1 0
github.com/caiojorge/fiap-challenge-ddd/internal/domain/entity/order.go:99.35,101.2 1 0
github.com/caiojorge/fiap-challenge-ddd/internal/domain/entity/order.go:103.34,105.2 1 0
github.com/caiojorge/fiap-challenge-ddd/internal/domain/entity/order.go:107.43,109.2 1 0
github.com/caiojorge/fiap-challenge-ddd/internal/domain/entity/order.go:111.37,112.25 1 0
github.com/caiojorge/fiap-challenge-ddd/internal/domain/entity/order.go:112.25,114.3 1 0
github.com/caiojorge/fiap-challenge-ddd/internal/domain/entity/order.go:117.32,119.2 1 0
github.com/caiojorge/fiap-challenge-ddd/internal/domain/entity/order.go:121.34,123.53 1 1
github.com/caiojorge/fiap-challenge-ddd/internal/domain/entity/order.go:123.53,127.17 3 1
github.com/caiojorge/fiap-challenge-ddd/internal/domain/entity/order.go:127.17,129.4 1 0
github.com/caiojorge/fiap-challenge-ddd/internal/domain/entity/order.go:132.2,132.23 1 1
github.com/caiojorge/fiap-challenge-ddd/internal/domain/entity/order.go:132.23,134.3 1 1
github.com/caiojorge/fiap-challenge-ddd/internal/domain/entity/order.go:136.2,136.12 1 1
github.com/caiojorge/fiap-challenge-ddd/internal/domain/entity/order.go:139.42,141.2 1 0
github.com/caiojorge/fiap-challenge-ddd/internal/domain/entity/order.go:143.45,144.28 1 0
github.com/caiojorge/fiap-challenge-ddd/internal/domain/entity/order.go:144.28,145.16 1 0
github.com/caiojorge/fiap-challenge-ddd/internal/domain/entity/order.go:145.16,147.4 1 0
github.com/caiojorge/fiap-challenge-ddd/internal/domain/entity/order.go:151.34,155.31 2 1
github.com/caiojorge/fiap-challenge-ddd/internal/domain/entity/order.go:155.31,156.59 1 1
github.com/caiojorge/fiap-challenge-ddd/internal/domain/entity/order.go:156.59,158.4 1 1
github.com/caiojorge/fiap-challenge-ddd/internal/domain/entity/order.go:162.42,165.2 2 0
github.com/caiojorge/fiap-challenge-ddd/internal/domain/entity/order.go:167.41,169.2 1 0
github.com/caiojorge/fiap-challenge-ddd/internal/domain/entity/order.go:171.44,173.2 1 0
github.com/caiojorge/fiap-challenge-ddd/internal/domain/entity/order.go:175.28,177.2 1 0
github.com/caiojorge/fiap-challenge-ddd/internal/domain/entity/order.go:179.33,181.2 1 0
github.com/caiojorge/fiap-challenge-ddd/internal/domain/entity/order.go:183.25,185.2 1 0
github.com/caiojorge/fiap-challenge-ddd/internal/domain/entity/order.go:187.29,190.2 1 0
github.com/caiojorge/fiap-challenge-ddd/internal/domain/entity/order_item.go:19.86,29.16 3 1
github.com/caiojorge/fiap-challenge-ddd/internal/domain/entity/order_item.go:29.16,31.3 1 0
github.com/caiojorge/fiap-challenge-ddd/internal/domain/entity/order_item.go:33.2,33.19 1 1
github.com/caiojorge/fiap-challenge-ddd/internal/domain/entity/order_item.go:36.31,40.2 2 1
github.com/caiojorge/fiap-challenge-ddd/internal/domain/entity/order_item.go:42.49,44.2 1 0
github.com/caiojorge/fiap-challenge-ddd/internal/domain/entity/order_item.go:46.38,47.23 1 1
github.com/caiojorge/fiap-challenge-ddd/internal/domain/entity/order_item.go:47.23,49.3 1 0
github.com/caiojorge/fiap-challenge-ddd/internal/domain/entity/order_item.go:51.2,51.21 1 1
github.com/caiojorge/fiap-challenge-ddd/internal/domain/entity/order_item.go:51.21,53.3 1 0
github.com/caiojorge/fiap-challenge-ddd/internal/domain/entity/order_item.go:55.2,55.18 1 1
github.com/caiojorge/fiap-challenge-ddd/internal/domain/entity/order_item.go:55.18,57.3 1 0
github.com/caiojorge/fiap-challenge-ddd/internal/domain/entity/order_item.go:59.2,59.12 1 1
github.com/caiojorge/fiap-challenge-ddd/internal/domain/entity/order_item.go:62.30,64.2 1 1
github.com/caiojorge/fiap-challenge-ddd/internal/domain/entity/payment.go:36.130,41.38 3 1
github.com/caiojorge/fiap-challenge-ddd/internal/domain/entity/payment.go:41.38,53.3 2 1
github.com/caiojorge/fiap-challenge-ddd/internal/domain/entity/payment.go:55.2,69.16 3 1
github.com/caiojorge/fiap-challenge-ddd/internal/domain/entity/payment.go:69.16,71.3 1 0
github.com/caiojorge/fiap-challenge-ddd/internal/domain/entity/payment.go:73.2,73.21 1 1
github.com/caiojorge/fiap-challenge-ddd/internal/domain/entity/payment.go:77.36,79.31 1 1
github.com/caiojorge/fiap-challenge-ddd/internal/domain/entity/payment.go:79.31,81.3 1 0
github.com/caiojorge/fiap-challenge-ddd/internal/domain/entity/payment.go:83.2,83.19 1 1
github.com/caiojorge/fiap-challenge-ddd/internal/domain/entity/payment.go:83.19,85.3 1 0
github.com/caiojorge/fiap-challenge-ddd/internal/domain/entity/payment.go:87.2,87.25 1 1
github.com/caiojorge/fiap-challenge-ddd/internal/domain/entity/payment.go:87.25,89.3 1 0
github.com/caiojorge/fiap-challenge-ddd/internal/domain/entity/payment.go:91.2,91.29 1 1
github.com/caiojorge/fiap-challenge-ddd/internal/domain/entity/payment.go:91.29,93.3 1 0
github.com/caiojorge/fiap-challenge-ddd/internal/domain/entity/payment.go:95.2,95.24 1 1
github.com/caiojorge/fiap-challenge-ddd/internal/domain/entity/payment.go:95.24,97.3 1 0
github.com/caiojorge/fiap-challenge-ddd/internal/domain/entity/payment.go:99.2,99.23 1 1
github.com/caiojorge/fiap-challenge-ddd/internal/domain/entity/payment.go:99.23,101.3 1 0
github.com/caiojorge/fiap-challenge-ddd/internal/domain/entity/payment.go:107.2,107.26 1 1
github.com/caiojorge/fiap-challenge-ddd/internal/domain/entity/payment.go:107.26,109.3 1 0
github.com/caiojorge/fiap-challenge-ddd/internal/domain/entity/payment.go:111.2,111.12 1 1
github.com/caiojorge/fiap-challenge-ddd/internal/domain/entity/product.go:17.94,28.16 3 1
github.com/caiojorge/fiap-challenge-ddd/internal/domain/entity/product.go:28.16,30.3 1 0
github.com/caiojorge/fiap-challenge-ddd/internal/domain/entity/product.go:32.2,32.21 1 1
github.com/caiojorge/fiap-challenge-ddd/internal/domain/entity/product.go:35.86,46.16 3 1
github.com/caiojorge/fiap-challenge-ddd/internal/domain/entity/product.go:46.16,48.3 1 0
github.com/caiojorge/fiap-challenge-ddd/internal/domain/entity/product.go:50.2,50.21 1 1
github.com/caiojorge/fiap-challenge-ddd/internal/domain/entity/product.go:53.30,55.2 1 0
github.com/caiojorge/fiap-challenge-ddd/internal/domain/entity/product.go:57.36,59.18 1 1
github.com/caiojorge/fiap-challenge-ddd/internal/domain/entity/product.go:59.18,61.3 1 0
github.com/caiojorge/fiap-challenge-ddd/internal/domain/entity/product.go:63.2,63.25 1 1
github.com/caiojorge/fiap-challenge-ddd/internal/domain/entity/product.go:63.25,65.3 1 0
github.com/caiojorge/fiap-challenge-ddd/internal/domain/entity/product.go:67.2,67.18 1 1
github.com/caiojorge/fiap-challenge-ddd/internal/domain/entity/product.go:67.18,69.3 1 0
github.com/caiojorge/fiap-challenge-ddd/internal/domain/entity/product.go:71.2,71.22 1 1
github.com/caiojorge/fiap-challenge-ddd/internal/domain/entity/product.go:71.22,73.3 1 0
github.com/caiojorge/fiap-challenge-ddd/internal/domain/entity/product.go:75.2,75.12 1 1
github.com/caiojorge/fiap-challenge-ddd/internal/domain/entity/product.go:78.36,80.2 1 0
github.com/caiojorge/fiap-challenge-ddd/internal/domain/entity/product.go:82.43,84.2 1 0
github.com/caiojorge/fiap-challenge-ddd/internal/domain/entity/product.go:86.38,88.2 1 0
github.com/caiojorge/fiap-challenge-ddd/internal/domain/entity/product.go:90.40,92.2 1 0
github.com/caiojorge/fiap-challenge-ddd/internal/domain/entity/product.go:94.34,96.2 1 1
github.com/caiojorge/fiap-challenge-ddd/internal/domain/entity/product.go:98.40,100.2 1 0
github.com/caiojorge/fiap-challenge-ddd/internal/domain/entity/product.go:102.46,104.2 1 0
github.com/caiojorge/fiap-challenge-ddd/internal/domain/entity/status.go:7.39,11.2 1 1
github.com/caiojorge/fiap-challenge-ddd/internal/shared/generator/id_generator.go:5.30,7.2 1 1
github.com/caiojorge/fiap-challenge-ddd/internal/shared/time/time-locator.go:5.53,7.16 2 0
github.com/caiojorge/fiap-challenge-ddd/internal/shared/time/time-locator.go:7.16,9.3 1 0
github.com/caiojorge/fiap-challenge-ddd/internal/shared/time/time-locator.go:11.2,11.22 1 0
github.com/caiojorge/fiap-challenge-ddd/internal/shared/time/time-locator.go:14.31,17.2 2 0
github.com/caiojorge/fiap-challenge-ddd/internal/infraestructure/driven/gateway/payment_gateway.go:22.72,24.2 1 1
github.com/caiojorge/fiap-challenge-ddd/internal/infraestructure/driven/gateway/payment_gateway.go:27.205,29.16 2 1
github.com/caiojorge/fiap-challenge-ddd/internal/infraestructure/driven/gateway/payment_gateway.go:29.16,31.3 1 0
github.com/caiojorge/fiap-challenge-ddd/internal/infraestructure/driven/gateway/payment_gateway.go:35.2,36.16 2 1
github.com/caiojorge/fiap-challenge-ddd/internal/infraestructure/driven/gateway/payment_gateway.go:36.16,39.3 2 0
github.com/caiojorge/fiap-challenge-ddd/internal/infraestructure/driven/gateway/payment_gateway.go:41.2,41.21 1 1
github.com/caiojorge/fiap-challenge-ddd/internal/infraestructure/driven/gateway/payment_gateway.go:45.78,47.2 1 0
github.com/caiojorge/fiap-challenge-ddd/internal/infraestructure/driven/gateway/payment_service.go:22.42,24.2 1 0
github.com/caiojorge/fiap-challenge-ddd/internal/infraestructure/driven/gateway/payment_service.go:26.103,36.16 6 0
github.com/caiojorge/fiap-challenge-ddd/internal/infraestructure/driven/gateway/payment_service.go:36.16,38.3 1 0
github.com/caiojorge/fiap-challenge-ddd/internal/infraestructure/driven/gateway/payment_service.go:41.2,42.16 2 0
github.com/caiojorge/fiap-challenge-ddd/internal/infraestructure/driven/gateway/payment_service.go:42.16,44.3 1 0
github.com/caiojorge/fiap-challenge-ddd/internal/infraestructure/driven/gateway/payment_service.go:45.2,52.16 4 0
github.com/caiojorge/fiap-challenge-ddd/internal/infraestructure/driven/gateway/payment_service.go:52.16,54.3 1 0
github.com/caiojorge/fiap-challenge-ddd/internal/infraestructure/driven/gateway/payment_service.go:55.2,57.38 2 0
github.com/caiojorge/fiap-challenge-ddd/internal/infraestructure/driven/gateway/payment_service.go:57.38,59.3 1 0
github.com/caiojorge/fiap-challenge-ddd/internal/infraestructure/driven/gateway/payment_service.go:61.2,62.16 2 0
github.com/caiojorge/fiap-challenge-ddd/internal/infraestructure/driven/gateway/payment_service.go:62.16,64.3 1 0
github.com/caiojorge/fiap-challenge-ddd/internal/infraestructure/driven/gateway/payment_service.go:66.2,68.16 3 0
github.com/caiojorge/fiap-challenge-ddd/internal/infraestructure/driven/gateway/payment_service.go:68.16,70.3 1 0
github.com/caiojorge/fiap-challenge-ddd/internal/infraestructure/driven/gateway/payment_service.go:73.2,76.12 3 0
github.com/caiojorge/fiap-challenge-ddd/internal/shared/generator/id_generator.go:5.30,7.2 1 1
github.com/caiojorge/fiap-challenge-ddd/internal/shared/time/time-locator.go:5.53,7.16 2 0
github.com/caiojorge/fiap-challenge-ddd/internal/shared/time/time-locator.go:7.16,9.3 1 0
github.com/caiojorge/fiap-challenge-ddd/internal/shared/time/time-locator.go:11.2,11.22 1 0
github.com/caiojorge/fiap-challenge-ddd/internal/shared/time/time-locator.go:14.31,17.2 2 0
github.com/caiojorge/fiap-challenge-ddd/internal/infraestructure/driven/db/db.go:24.59,32.2 1 1
github.com/caiojorge/fiap-challenge-ddd/internal/infraestructure/driven/db/db.go:34.52,36.24 1 1
github.com/caiojorge/fiap-challenge-ddd/internal/infraestructure/driven/db/db.go:36.24,38.3 1 1
github.com/caiojorge/fiap-challenge-ddd/internal/infraestructure/driven/db/db.go:40.2,40.23 1 1
github.com/caiojorge/fiap-challenge-ddd/internal/infraestructure/driven/db/db.go:40.23,42.3 1 0
github.com/caiojorge/fiap-challenge-ddd/internal/infraestructure/driven/db/db.go:44.2,44.17 1 1
github.com/caiojorge/fiap-challenge-ddd/internal/infraestructure/driven/db/db.go:44.17,46.3 1 0
github.com/caiojorge/fiap-challenge-ddd/internal/infraestructure/driven/db/db.go:48.2,48.13 1 1
github.com/caiojorge/fiap-challenge-ddd/internal/infraestructure/driven/db/db.go:51.37,53.16 2 1
github.com/caiojorge/fiap-challenge-ddd/internal/infraestructure/driven/db/db.go:53.16,54.13 1 0
github.com/caiojorge/fiap-challenge-ddd/internal/infraestructure/driven/db/db.go:56.2,57.11 2 1
github.com/caiojorge/fiap-challenge-ddd/internal/infraestructure/driven/db/db.go:60.36,76.26 9 0
github.com/caiojorge/fiap-challenge-ddd/internal/infraestructure/driven/db/db.go:76.26,78.17 2 0
github.com/caiojorge/fiap-challenge-ddd/internal/infraestructure/driven/db/db.go:78.17,79.9 1 0
github.com/caiojorge/fiap-challenge-ddd/internal/infraestructure/driven/db/db.go:81.3,83.30 3 0
github.com/caiojorge/fiap-challenge-ddd/internal/infraestructure/driven/db/db.go:86.2,86.16 1 0
github.com/caiojorge/fiap-challenge-ddd/internal/infraestructure/driven/db/db.go:86.16,87.62 1 0
github.com/caiojorge/fiap-challenge-ddd/internal/infraestructure/driven/db/db.go:90.2,92.11 2 0
github.com/caiojorge/fiap-challenge-ddd/internal/infraestructure/driven/db/db.go:96.42,97.48 1 0
github.com/caiojorge/fiap-challenge-ddd/internal/infraestructure/driven/db/db.go:97.48,99.3 1 0
github.com/caiojorge/fiap-challenge-ddd/internal/infraestructure/driven/db/db.go:100.2,100.17 1 0
github.com/caiojorge/fiap-challenge-ddd/internal/shared/generator/id_generator.go:5.30,7.2 1 0
github.com/caiojorge/fiap-challenge-ddd/internal/shared/time/time-locator.go:5.53,7.16 2 0
github.com/caiojorge/fiap-challenge-ddd/internal/shared/time/time-locator.go:7.16,9.3 1 0
github.com/caiojorge/fiap-challenge-ddd/internal/shared/time/time-locator.go:11.2,11.22 1 0
github.com/caiojorge/fiap-challenge-ddd/internal/shared/time/time-locator.go:14.31,17.2 2 0
github.com/caiojorge/fiap-challenge-ddd/internal/infraestructure/driven/model/checkout_model.go:24.49,32.2 7 0
github.com/caiojorge/fiap-challenge-ddd/internal/infraestructure/driven/model/checkout_model.go:34.48,42.2 1 0
github.com/caiojorge/fiap-challenge-ddd/internal/infraestructure/driven/model/checkout_model.go:44.37,46.16 1 0
github.com/caiojorge/fiap-challenge-ddd/internal/infraestructure/driven/model/checkout_model.go:46.16,48.3 1 0
github.com/caiojorge/fiap-challenge-ddd/internal/infraestructure/driven/model/checkout_model.go:50.2,50.21 1 0
github.com/caiojorge/fiap-challenge-ddd/internal/infraestructure/driven/model/checkout_model.go:50.21,52.3 1 0
github.com/caiojorge/fiap-challenge-ddd/internal/infraestructure/driven/model/checkout_model.go:54.2,54.25 1 0
github.com/caiojorge/fiap-challenge-ddd/internal/infraestructure/driven/model/checkout_model.go:54.25,56.3 1 0
github.com/caiojorge/fiap-challenge-ddd/internal/infraestructure/driven/model/checkout_model.go:58.2,58.26 1 0
github.com/caiojorge/fiap-challenge-ddd/internal/infraestructure/driven/model/checkout_model.go:58.26,60.3 1 0
github.com/caiojorge/fiap-challenge-ddd/internal/infraestructure/driven/model/checkout_model.go:62.2,62.18 1 0
github.com/caiojorge/fiap-challenge-ddd/internal/infraestructure/driven/model/checkout_model.go:62.18,64.3 1 0
github.com/caiojorge/fiap-challenge-ddd/internal/infraestructure/driven/model/checkout_model.go:66.2,66.12 1 0
github.com/caiojorge/fiap-challenge-ddd/internal/infraestructure/driven/model/customer_model.go:19.37,22.41 2 1
github.com/caiojorge/fiap-challenge-ddd/internal/infraestructure/driven/model/customer_model.go:22.41,24.3 1 1
github.com/caiojorge/fiap-challenge-ddd/internal/infraestructure/driven/model/customer_model.go:26.2,26.37 1 1
github.com/caiojorge/fiap-challenge-ddd/internal/infraestructure/driven/model/customer_model.go:26.37,28.3 1 1
github.com/caiojorge/fiap-challenge-ddd/internal/infraestructure/driven/model/customer_model.go:30.2,31.55 2 1
github.com/caiojorge/fiap-challenge-ddd/internal/infraestructure/driven/model/customer_model.go:31.55,33.3 1 1
github.com/caiojorge/fiap-challenge-ddd/internal/infraestructure/driven/model/customer_model.go:35.2,35.12 1 1
github.com/caiojorge/fiap-challenge-ddd/internal/infraestructure/driven/model/product_model.go:19.36,21.16 1 1
github.com/caiojorge/fiap-challenge-ddd/internal/infraestructure/driven/model/product_model.go:21.16,23.3 1 1
github.com/caiojorge/fiap-challenge-ddd/internal/infraestructure/driven/model/product_model.go:25.2,25.18 1 1
github.com/caiojorge/fiap-challenge-ddd/internal/infraestructure/driven/model/product_model.go:25.18,27.3 1 1
github.com/caiojorge/fiap-challenge-ddd/internal/infraestructure/driven/model/product_model.go:29.2,29.25 1 1
github.com/caiojorge/fiap-challenge-ddd/internal/infraestructure/driven/model/product_model.go:29.25,31.3 1 0
github.com/caiojorge/fiap-challenge-ddd/internal/infraestructure/driven/model/product_model.go:33.2,33.22 1 1
github.com/caiojorge/fiap-challenge-ddd/internal/infraestructure/driven/model/product_model.go:33.22,35.3 1 0
github.com/caiojorge/fiap-challenge-ddd/internal/infraestructure/driven/model/product_model.go:37.2,37.18 1 1
github.com/caiojorge/fiap-challenge-ddd/internal/infraestructure/driven/model/product_model.go:37.18,39.3 1 0
github.com/caiojorge/fiap-challenge-ddd/internal/infraestructure/driven/model/product_model.go:41.2,41.12 1 1
github.com/caiojorge/fiap-challenge-ddd/internal/shared/generator/id_generator.go:5.30,7.2 1 0
github.com/caiojorge/fiap-challenge-ddd/internal/shared/time/time-locator.go:5.53,7.16 2 0
github.com/caiojorge/fiap-challenge-ddd/internal/shared/time/time-locator.go:7.16,9.3 1 0
github.com/caiojorge/fiap-challenge-ddd/internal/shared/time/time-locator.go:11.2,11.22 1 0
github.com/caiojorge/fiap-challenge-ddd/internal/shared/time/time-locator.go:14.31,17.2 2 0
github.com/caiojorge/fiap-challenge-ddd/internal/infraestructure/driver/api/router/gin_router.go:8.55,14.2 4 0
github.com/caiojorge/fiap-challenge-ddd/internal/infraestructure/driver/api/router/gin_router.go:14.2,19.3 4 0
github.com/caiojorge/fiap-challenge-ddd/internal/infraestructure/driver/api/router/gin_router.go:22.2,23.2 2 0
github.com/caiojorge/fiap-challenge-ddd/internal/infraestructure/driver/api/router/gin_router.go:23.2,30.3 6 0
github.com/caiojorge/fiap-challenge-ddd/internal/infraestructure/driver/api/router/gin_router.go:33.2,34.2 2 0
github.com/caiojorge/fiap-challenge-ddd/internal/infraestructure/driver/api/router/gin_router.go:34.2,41.3 6 0
github.com/caiojorge/fiap-challenge-ddd/internal/infraestructure/driver/api/router/gin_router.go:44.2,45.2 2 0
github.com/caiojorge/fiap-challenge-ddd/internal/infraestructure/driver/api/router/gin_router.go:45.2,49.3 3 0
github.com/caiojorge/fiap-challenge-ddd/internal/infraestructure/driver/api/router/gin_router.go:52.2,53.2 2 0
github.com/caiojorge/fiap-challenge-ddd/internal/infraestructure/driver/api/router/gin_router.go:53.2,56.3 2 0
github.com/caiojorge/fiap-challenge-ddd/internal/infraestructure/driver/api/router/gin_router.go:58.2,58.10 1 0
github.com/caiojorge/fiap-challenge-ddd/internal/infraestructure/driver/api/router/gin_router.go:62.39,63.30 1 0
github.com/caiojorge/fiap-challenge-ddd/internal/infraestructure/driver/api/router/gin_router.go:63.30,71.36 6 0
github.com/caiojorge/fiap-challenge-ddd/internal/infraestructure/driver/api/router/gin_router.go:71.36,74.4 2 0
github.com/caiojorge/fiap-challenge-ddd/internal/infraestructure/driver/api/router/gin_router.go:76.3,76.11 1 0
github.com/caiojorge/fiap-challenge-ddd/internal/infraestructure/driver/api/controller/kitchen/find_all_kitchens_controller.go:16.125,21.2 1 0
github.com/caiojorge/fiap-challenge-ddd/internal/infraestructure/driver/api/controller/kitchen/find_all_kitchens_controller.go:33.74,36.16 2 0
github.com/caiojorge/fiap-challenge-ddd/internal/infraestructure/driver/api/controller/kitchen/find_all_kitchens_controller.go:36.16,39.3 2 0
github.com/caiojorge/fiap-challenge-ddd/internal/infraestructure/driver/api/controller/kitchen/find_all_kitchens_controller.go:41.2,41.24 1 0
github.com/caiojorge/fiap-challenge-ddd/internal/infraestructure/driver/api/controller/kitchen/find_all_kitchens_controller.go:41.24,44.3 2 0
github.com/caiojorge/fiap-challenge-ddd/internal/infraestructure/driver/api/controller/kitchen/find_all_kitchens_controller.go:46.2,46.33 1 0
github.com/caiojorge/fiap-challenge-ddd/internal/infraestructure/driver/api/controller/kitchen/notifier_kitchen_controller.go:16.120,21.2 1 0
github.com/caiojorge/fiap-challenge-ddd/internal/infraestructure/driver/api/controller/kitchen/notifier_kitchen_controller.go:33.69,36.16 2 0
github.com/caiojorge/fiap-challenge-ddd/internal/infraestructure/driver/api/controller/kitchen/notifier_kitchen_controller.go:36.16,39.3 2 0
github.com/caiojorge/fiap-challenge-ddd/internal/infraestructure/driver/api/controller/kitchen/notifier_kitchen_controller.go:41.2,41.23 1 0
github.com/caiojorge/fiap-challenge-ddd/internal/infraestructure/driver/api/controller/kitchen/notifier_kitchen_controller.go:41.23,44.3 2 0
github.com/caiojorge/fiap-challenge-ddd/internal/infraestructure/driver/api/controller/kitchen/notifier_kitchen_controller.go:46.2,46.32 1 0
github.com/caiojorge/fiap-challenge-ddd/internal/infraestructure/driven/repository/gorm/checkout_repository_gorm.go:19.70,21.46 1 1
github.com/caiojorge/fiap-challenge-ddd/internal/infraestructure/driven/repository/gorm/checkout_repository_gorm.go:21.46,23.3 1 0
github.com/caiojorge/fiap-challenge-ddd/internal/infraestructure/driven/repository/gorm/checkout_repository_gorm.go:24.2,24.13 1 1
github.com/caiojorge/fiap-challenge-ddd/internal/infraestructure/driven/repository/gorm/checkout_repository_gorm.go:27.69,31.2 1 1
github.com/caiojorge/fiap-challenge-ddd/internal/infraestructure/driven/repository/gorm/checkout_repository_gorm.go:34.93,48.48 3 1
github.com/caiojorge/fiap-challenge-ddd/internal/infraestructure/driven/repository/gorm/checkout_repository_gorm.go:48.48,50.3 1 0
github.com/caiojorge/fiap-challenge-ddd/internal/infraestructure/driven/repository/gorm/checkout_repository_gorm.go:52.2,52.12 1 1
github.com/caiojorge/fiap-challenge-ddd/internal/infraestructure/driven/repository/gorm/checkout_repository_gorm.go:56.93,71.2 3 0
github.com/caiojorge/fiap-challenge-ddd/internal/infraestructure/driven/repository/gorm/checkout_repository_gorm.go:73.100,77.25 3 0
github.com/caiojorge/fiap-challenge-ddd/internal/infraestructure/driven/repository/gorm/checkout_repository_gorm.go:77.25,79.3 1 0
github.com/caiojorge/fiap-challenge-ddd/internal/infraestructure/driven/repository/gorm/checkout_repository_gorm.go:80.2,80.30 1 0
github.com/caiojorge/fiap-challenge-ddd/internal/infraestructure/driven/repository/gorm/checkout_repository_gorm.go:80.30,82.3 1 0
github.com/caiojorge/fiap-challenge-ddd/internal/infraestructure/driven/repository/gorm/checkout_repository_gorm.go:83.2,83.12 1 0
github.com/caiojorge/fiap-challenge-ddd/internal/infraestructure/driven/repository/gorm/checkout_repository_gorm.go:87.97,90.25 3 0
github.com/caiojorge/fiap-challenge-ddd/internal/infraestructure/driven/repository/gorm/checkout_repository_gorm.go:90.25,91.54 1 0
github.com/caiojorge/fiap-challenge-ddd/internal/infraestructure/driven/repository/gorm/checkout_repository_gorm.go:91.54,93.4 1 0
github.com/caiojorge/fiap-challenge-ddd/internal/infraestructure/driven/repository/gorm/checkout_repository_gorm.go:94.3,94.27 1 0
github.com/caiojorge/fiap-challenge-ddd/internal/infraestructure/driven/repository/gorm/checkout_repository_gorm.go:97.2,99.16 3 0
github.com/caiojorge/fiap-challenge-ddd/internal/infraestructure/driven/repository/gorm/checkout_repository_gorm.go:99.16,101.3 1 0
github.com/caiojorge/fiap-challenge-ddd/internal/infraestructure/driven/repository/gorm/checkout_repository_gorm.go:103.2,103.20 1 0
github.com/caiojorge/fiap-challenge-ddd/internal/infraestructure/driven/repository/gorm/checkout_repository_gorm.go:107.91,124.2 1 0
github.com/caiojorge/fiap-challenge-ddd/internal/infraestructure/driven/repository/gorm/checkout_repository_gorm.go:127.79,144.2 1 0
github.com/caiojorge/fiap-challenge-ddd/internal/infraestructure/driven/repository/gorm/checkout_repository_gorm.go:146.106,149.25 3 0
github.com/caiojorge/fiap-challenge-ddd/internal/infraestructure/driven/repository/gorm/checkout_repository_gorm.go:149.25,150.54 1 0
github.com/caiojorge/fiap-challenge-ddd/internal/infraestructure/driven/repository/gorm/checkout_repository_gorm.go:150.54,152.4 1 0
github.com/caiojorge/fiap-challenge-ddd/internal/infraestructure/driven/repository/gorm/checkout_repository_gorm.go:153.3,153.27 1 0
github.com/caiojorge/fiap-challenge-ddd/internal/infraestructure/driven/repository/gorm/checkout_repository_gorm.go:156.2,156.25 1 0
github.com/caiojorge/fiap-challenge-ddd/internal/infraestructure/driven/repository/gorm/checkout_repository_gorm.go:156.25,158.3 1 0
github.com/caiojorge/fiap-challenge-ddd/internal/infraestructure/driven/repository/gorm/checkout_repository_gorm.go:160.2,168.20 2 0
github.com/caiojorge/fiap-challenge-ddd/internal/infraestructure/driven/repository/gorm/customer_repository_gorm.go:20.69,24.2 1 1
github.com/caiojorge/fiap-challenge-ddd/internal/infraestructure/driven/repository/gorm/customer_repository_gorm.go:26.93,30.2 3 1
github.com/caiojorge/fiap-challenge-ddd/internal/infraestructure/driven/repository/gorm/customer_repository_gorm.go:32.93,41.21 2 1
github.com/caiojorge/fiap-challenge-ddd/internal/infraestructure/driven/repository/gorm/customer_repository_gorm.go:41.21,43.3 1 0
github.com/caiojorge/fiap-challenge-ddd/internal/infraestructure/driven/repository/gorm/customer_repository_gorm.go:45.2,46.25 2 1
github.com/caiojorge/fiap-challenge-ddd/internal/infraestructure/driven/repository/gorm/customer_repository_gorm.go:46.25,48.3 1 0
github.com/caiojorge/fiap-challenge-ddd/internal/infraestructure/driven/repository/gorm/customer_repository_gorm.go:50.2,50.12 1 1
github.com/caiojorge/fiap-challenge-ddd/internal/infraestructure/driven/repository/gorm/customer_repository_gorm.go:54.97,58.25 3 1
github.com/caiojorge/fiap-challenge-ddd/internal/infraestructure/driven/repository/gorm/customer_repository_gorm.go:58.25,59.54 1 0
github.com/caiojorge/fiap-challenge-ddd/internal/infraestructure/driven/repository/gorm/customer_repository_gorm.go:59.54,61.4 1 0
github.com/caiojorge/fiap-challenge-ddd/internal/infraestructure/driven/repository/gorm/customer_repository_gorm.go:62.3,62.27 1 0
github.com/caiojorge/fiap-challenge-ddd/internal/infraestructure/driven/repository/gorm/customer_repository_gorm.go:65.2,67.20 2 1
github.com/caiojorge/fiap-challenge-ddd/internal/infraestructure/driven/repository/gorm/customer_repository_gorm.go:70.91,73.25 3 1
github.com/caiojorge/fiap-challenge-ddd/internal/infraestructure/driven/repository/gorm/customer_repository_gorm.go:73.25,75.3 1 0
github.com/caiojorge/fiap-challenge-ddd/internal/infraestructure/driven/repository/gorm/customer_repository_gorm.go:77.2,79.39 2 1
github.com/caiojorge/fiap-challenge-ddd/internal/infraestructure/driven/repository/gorm/customer_repository_gorm.go:79.39,82.3 2 1
github.com/caiojorge/fiap-challenge-ddd/internal/infraestructure/driven/repository/gorm/customer_repository_gorm.go:84.2,84.24 1 1
github.com/caiojorge/fiap-challenge-ddd/internal/infraestructure/driven/repository/gorm/kitchen_repository_gorm.go:18.67,22.2 1 0
github.com/caiojorge/fiap-challenge-ddd/internal/infraestructure/driven/repository/gorm/kitchen_repository_gorm.go:25.91,28.16 3 0
github.com/caiojorge/fiap-challenge-ddd/internal/infraestructure/driven/repository/gorm/kitchen_repository_gorm.go:28.16,30.3 1 0
github.com/caiojorge/fiap-challenge-ddd/internal/infraestructure/driven/repository/gorm/kitchen_repository_gorm.go:32.2,34.50 2 0
github.com/caiojorge/fiap-challenge-ddd/internal/infraestructure/driven/repository/gorm/kitchen_repository_gorm.go:34.50,36.3 1 0
github.com/caiojorge/fiap-challenge-ddd/internal/infraestructure/driven/repository/gorm/kitchen_repository_gorm.go:38.2,38.12 1 0
github.com/caiojorge/fiap-challenge-ddd/internal/infraestructure/driven/repository/gorm/kitchen_repository_gorm.go:42.91,44.2 1 0
github.com/caiojorge/fiap-challenge-ddd/internal/infraestructure/driven/repository/gorm/kitchen_repository_gorm.go:47.95,49.2 1 0
github.com/caiojorge/fiap-challenge-ddd/internal/infraestructure/driven/repository/gorm/kitchen_repository_gorm.go:52.89,57.25 3 0
github.com/caiojorge/fiap-challenge-ddd/internal/infraestructure/driven/repository/gorm/kitchen_repository_gorm.go:57.25,59.3 1 0
github.com/caiojorge/fiap-challenge-ddd/internal/infraestructure/driven/repository/gorm/kitchen_repository_gorm.go:61.2,61.22 1 0
github.com/caiojorge/fiap-challenge-ddd/internal/infraestructure/driven/repository/gorm/kitchen_repository_gorm.go:61.22,63.3 1 0
github.com/caiojorge/fiap-challenge-ddd/internal/infraestructure/driven/repository/gorm/kitchen_repository_gorm.go:65.2,69.22 3 0
github.com/caiojorge/fiap-challenge-ddd/internal/infraestructure/driven/repository/gorm/kitchen_repository_gorm.go:74.78,77.2 1 0
github.com/caiojorge/fiap-challenge-ddd/internal/infraestructure/driven/repository/gorm/kitchen_repository_gorm.go:79.125,88.32 4 0
github.com/caiojorge/fiap-challenge-ddd/internal/infraestructure/driven/repository/gorm/kitchen_repository_gorm.go:88.32,90.3 1 0
github.com/caiojorge/fiap-challenge-ddd/internal/infraestructure/driven/repository/gorm/kitchen_repository_gorm.go:91.2,91.43 1 0
github.com/caiojorge/fiap-challenge-ddd/internal/infraestructure/driven/repository/gorm/kitchen_repository_gorm.go:91.43,93.3 1 0
github.com/caiojorge/fiap-challenge-ddd/internal/infraestructure/driven/repository/gorm/kitchen_repository_gorm.go:94.2,94.47 1 0
github.com/caiojorge/fiap-challenge-ddd/internal/infraestructure/driven/repository/gorm/kitchen_repository_gorm.go:94.47,96.3 1 0
github.com/caiojorge/fiap-challenge-ddd/internal/infraestructure/driven/repository/gorm/kitchen_repository_gorm.go:97.2,97.43 1 0
github.com/caiojorge/fiap-challenge-ddd/internal/infraestructure/driven/repository/gorm/kitchen_repository_gorm.go:97.43,99.3 1 0
github.com/caiojorge/fiap-challenge-ddd/internal/infraestructure/driven/repository/gorm/kitchen_repository_gorm.go:102.2,103.16 2 0
github.com/caiojorge/fiap-challenge-ddd/internal/infraestructure/driven/repository/gorm/kitchen_repository_gorm.go:103.16,105.3 1 0
github.com/caiojorge/fiap-challenge-ddd/internal/infraestructure/driven/repository/gorm/kitchen_repository_gorm.go:107.2,107.31 1 0
github.com/caiojorge/fiap-challenge-ddd/internal/infraestructure/driven/repository/gorm/kitchen_repository_gorm.go:107.31,116.3 2 0
github.com/caiojorge/fiap-challenge-ddd/internal/infraestructure/driven/repository/gorm/kitchen_repository_gorm.go:118.2,118.21 1 0
github.com/caiojorge/fiap-challenge-ddd/internal/infraestructure/driven/repository/gorm/order_repository_gorm.go:21.67,23.46 1 1
github.com/caiojorge/fiap-challenge-ddd/internal/infraestructure/driven/repository/gorm/order_repository_gorm.go:23.46,25.3 1 0
github.com/caiojorge/fiap-challenge-ddd/internal/infraestructure/driven/repository/gorm/order_repository_gorm.go:26.2,26.13 1 1
github.com/caiojorge/fiap-challenge-ddd/internal/infraestructure/driven/repository/gorm/order_repository_gorm.go:29.121,34.2 1 1
github.com/caiojorge/fiap-challenge-ddd/internal/infraestructure/driven/repository/gorm/order_repository_gorm.go:37.87,44.58 4 1
github.com/caiojorge/fiap-challenge-ddd/internal/infraestructure/driven/repository/gorm/order_repository_gorm.go:44.58,46.3 1 0
github.com/caiojorge/fiap-challenge-ddd/internal/infraestructure/driven/repository/gorm/order_repository_gorm.go:48.2,49.16 2 1
github.com/caiojorge/fiap-challenge-ddd/internal/infraestructure/driven/repository/gorm/order_repository_gorm.go:49.16,52.3 2 0
github.com/caiojorge/fiap-challenge-ddd/internal/infraestructure/driven/repository/gorm/order_repository_gorm.go:54.2,54.12 1 1
github.com/caiojorge/fiap-challenge-ddd/internal/infraestructure/driven/repository/gorm/order_repository_gorm.go:57.52,59.36 2 1
github.com/caiojorge/fiap-challenge-ddd/internal/infraestructure/driven/repository/gorm/order_repository_gorm.go:59.36,68.3 1 1
github.com/caiojorge/fiap-challenge-ddd/internal/infraestructure/driven/repository/gorm/order_repository_gorm.go:70.2,78.30 2 1
github.com/caiojorge/fiap-challenge-ddd/internal/infraestructure/driven/repository/gorm/order_repository_gorm.go:78.30,80.3 1 0
github.com/caiojorge/fiap-challenge-ddd/internal/infraestructure/driven/repository/gorm/order_repository_gorm.go:81.2,81.14 1 1
github.com/caiojorge/fiap-challenge-ddd/internal/infraestructure/driven/repository/gorm/order_repository_gorm.go:84.87,91.16 4 1
github.com/caiojorge/fiap-challenge-ddd/internal/infraestructure/driven/repository/gorm/order_repository_gorm.go:91.16,93.3 1 0
github.com/caiojorge/fiap-challenge-ddd/internal/infraestructure/driven/repository/gorm/order_repository_gorm.go:95.2,96.30 2 1
github.com/caiojorge/fiap-challenge-ddd/internal/infraestructure/driven/repository/gorm/order_repository_gorm.go:96.30,98.3 1 0
github.com/caiojorge/fiap-challenge-ddd/internal/infraestructure/driven/repository/gorm/order_repository_gorm.go:100.2,101.25 2 1
github.com/caiojorge/fiap-challenge-ddd/internal/infraestructure/driven/repository/gorm/order_repository_gorm.go:101.25,103.3 1 0
github.com/caiojorge/fiap-challenge-ddd/internal/infraestructure/driven/repository/gorm/order_repository_gorm.go:105.2,105.12 1 1
github.com/caiojorge/fiap-challenge-ddd/internal/infraestructure/driven/repository/gorm/order_repository_gorm.go:108.97,113.25 3 1
github.com/caiojorge/fiap-challenge-ddd/internal/infraestructure/driven/repository/gorm/order_repository_gorm.go:113.25,115.3 1 0
github.com/caiojorge/fiap-challenge-ddd/internal/infraestructure/driven/repository/gorm/order_repository_gorm.go:116.2,116.30 1 1
github.com/caiojorge/fiap-challenge-ddd/internal/infraestructure/driven/repository/gorm/order_repository_gorm.go:116.30,118.3 1 0
github.com/caiojorge/fiap-challenge-ddd/internal/infraestructure/driven/repository/gorm/order_repository_gorm.go:119.2,119.12 1 1
github.com/caiojorge/fiap-challenge-ddd/internal/infraestructure/driven/repository/gorm/order_repository_gorm.go:123.91,127.25 3 0
github.com/caiojorge/fiap-challenge-ddd/internal/infraestructure/driven/repository/gorm/order_repository_gorm.go:127.25,128.54 1 0
github.com/caiojorge/fiap-challenge-ddd/internal/infraestructure/driven/repository/gorm/order_repository_gorm.go:128.54,130.4 1 0
github.com/caiojorge/fiap-challenge-ddd/internal/infraestructure/driven/repository/gorm/order_repository_gorm.go:131.3,131.27 1 0
github.com/caiojorge/fiap-challenge-ddd/internal/infraestructure/driven/repository/gorm/order_repository_gorm.go:134.2,136.20 2 0
github.com/caiojorge/fiap-challenge-ddd/internal/infraestructure/driven/repository/gorm/order_repository_gorm.go:139.85,143.25 3 0
github.com/caiojorge/fiap-challenge-ddd/internal/infraestructure/driven/repository/gorm/order_repository_gorm.go:143.25,145.3 1 0
github.com/caiojorge/fiap-challenge-ddd/internal/infraestructure/driven/repository/gorm/order_repository_gorm.go:147.2,149.33 2 0
github.com/caiojorge/fiap-challenge-ddd/internal/infraestructure/driven/repository/gorm/order_repository_gorm.go:149.33,152.3 2 0
github.com/caiojorge/fiap-challenge-ddd/internal/infraestructure/driven/repository/gorm/order_repository_gorm.go:154.2,154.21 1 0
github.com/caiojorge/fiap-challenge-ddd/internal/infraestructure/driven/repository/gorm/order_repository_gorm.go:157.76,162.25 4 0
github.com/caiojorge/fiap-challenge-ddd/internal/infraestructure/driven/repository/gorm/order_repository_gorm.go:162.25,163.54 1 0
github.com/caiojorge/fiap-challenge-ddd/internal/infraestructure/driven/repository/gorm/order_repository_gorm.go:163.54,166.4 2 0
github.com/caiojorge/fiap-challenge-ddd/internal/infraestructure/driven/repository/gorm/order_repository_gorm.go:167.3,167.22 1 0
github.com/caiojorge/fiap-challenge-ddd/internal/infraestructure/driven/repository/gorm/order_repository_gorm.go:170.2,171.25 2 0
github.com/caiojorge/fiap-challenge-ddd/internal/infraestructure/driven/repository/gorm/order_repository_gorm.go:171.25,173.3 1 0
github.com/caiojorge/fiap-challenge-ddd/internal/infraestructure/driven/repository/gorm/order_repository_gorm.go:175.2,175.12 1 0
github.com/caiojorge/fiap-challenge-ddd/internal/infraestructure/driven/repository/gorm/order_repository_gorm.go:178.121,187.40 4 0
github.com/caiojorge/fiap-challenge-ddd/internal/infraestructure/driven/repository/gorm/order_repository_gorm.go:187.40,189.3 1 0
github.com/caiojorge/fiap-challenge-ddd/internal/infraestructure/driven/repository/gorm/order_repository_gorm.go:190.2,190.51 1 0
github.com/caiojorge/fiap-challenge-ddd/internal/infraestructure/driven/repository/gorm/order_repository_gorm.go:190.51,192.3 1 0
github.com/caiojorge/fiap-challenge-ddd/internal/infraestructure/driven/repository/gorm/order_repository_gorm.go:193.2,193.47 1 0
github.com/caiojorge/fiap-challenge-ddd/internal/infraestructure/driven/repository/gorm/order_repository_gorm.go:193.47,195.3 1 0
github.com/caiojorge/fiap-challenge-ddd/internal/infraestructure/driven/repository/gorm/order_repository_gorm.go:196.2,196.43 1 0
github.com/caiojorge/fiap-challenge-ddd/internal/infraestructure/driven/repository/gorm/order_repository_gorm.go:196.43,198.3 1 0
github.com/caiojorge/fiap-challenge-ddd/internal/infraestructure/driven/repository/gorm/order_repository_gorm.go:201.2,202.16 2 0
github.com/caiojorge/fiap-challenge-ddd/internal/infraestructure/driven/repository/gorm/order_repository_gorm.go:202.16,204.3 1 0
github.com/caiojorge/fiap-challenge-ddd/internal/infraestructure/driven/repository/gorm/order_repository_gorm.go:206.2,208.20 2 0
github.com/caiojorge/fiap-challenge-ddd/internal/infraestructure/driven/repository/gorm/product_repository_gorm.go:20.129,25.2 1 1
github.com/caiojorge/fiap-challenge-ddd/internal/infraestructure/driven/repository/gorm/product_repository_gorm.go:28.91,35.2 4 1
github.com/caiojorge/fiap-challenge-ddd/internal/infraestructure/driven/repository/gorm/product_repository_gorm.go:37.91,40.25 2 1
github.com/caiojorge/fiap-challenge-ddd/internal/infraestructure/driven/repository/gorm/product_repository_gorm.go:40.25,42.3 1 0
github.com/caiojorge/fiap-challenge-ddd/internal/infraestructure/driven/repository/gorm/product_repository_gorm.go:44.2,44.12 1 1
github.com/caiojorge/fiap-challenge-ddd/internal/infraestructure/driven/repository/gorm/product_repository_gorm.go:47.95,51.25 4 1
github.com/caiojorge/fiap-challenge-ddd/internal/infraestructure/driven/repository/gorm/product_repository_gorm.go:51.25,52.54 1 1
github.com/caiojorge/fiap-challenge-ddd/internal/infraestructure/driven/repository/gorm/product_repository_gorm.go:52.54,54.4 1 1
github.com/caiojorge/fiap-challenge-ddd/internal/infraestructure/driven/repository/gorm/product_repository_gorm.go:55.3,55.27 1 0
github.com/caiojorge/fiap-challenge-ddd/internal/infraestructure/driven/repository/gorm/product_repository_gorm.go:58.2,60.20 2 1
github.com/caiojorge/fiap-challenge-ddd/internal/infraestructure/driven/repository/gorm/product_repository_gorm.go:63.89,66.25 3 1
github.com/caiojorge/fiap-challenge-ddd/internal/infraestructure/driven/repository/gorm/product_repository_gorm.go:66.25,68.3 1 0
github.com/caiojorge/fiap-challenge-ddd/internal/infraestructure/driven/repository/gorm/product_repository_gorm.go:70.2,72.37 2 1
github.com/caiojorge/fiap-challenge-ddd/internal/infraestructure/driven/repository/gorm/product_repository_gorm.go:72.37,75.3 2 1
github.com/caiojorge/fiap-challenge-ddd/internal/infraestructure/driven/repository/gorm/product_repository_gorm.go:77.2,77.23 1 1
github.com/caiojorge/fiap-challenge-ddd/internal/infraestructure/driven/repository/gorm/product_repository_gorm.go:80.78,83.25 3 1
github.com/caiojorge/fiap-challenge-ddd/internal/infraestructure/driven/repository/gorm/product_repository_gorm.go:83.25,84.54 1 0
github.com/caiojorge/fiap-challenge-ddd/internal/infraestructure/driven/repository/gorm/product_repository_gorm.go:84.54,87.4 2 0
github.com/caiojorge/fiap-challenge-ddd/internal/infraestructure/driven/repository/gorm/product_repository_gorm.go:88.3,88.22 1 0
github.com/caiojorge/fiap-challenge-ddd/internal/infraestructure/driven/repository/gorm/product_repository_gorm.go:91.2,92.25 2 1
github.com/caiojorge/fiap-challenge-ddd/internal/infraestructure/driven/repository/gorm/product_repository_gorm.go:92.25,94.3 1 0
github.com/caiojorge/fiap-challenge-ddd/internal/infraestructure/driven/repository/gorm/product_repository_gorm.go:96.2,96.12 1 1
github.com/caiojorge/fiap-challenge-ddd/internal/infraestructure/driven/repository/gorm/product_repository_gorm.go:99.103,102.25 3 1
github.com/caiojorge/fiap-challenge-ddd/internal/infraestructure/driven/repository/gorm/product_repository_gorm.go:102.25,103.54 1 0
github.com/caiojorge/fiap-challenge-ddd/internal/infraestructure/driven/repository/gorm/product_repository_gorm.go:103.54,105.4 1 0
github.com/caiojorge/fiap-challenge-ddd/internal/infraestructure/driven/repository/gorm/product_repository_gorm.go:106.3,106.27 1 0
github.com/caiojorge/fiap-challenge-ddd/internal/infraestructure/driven/repository/gorm/product_repository_gorm.go:109.2,111.20 2 1
github.com/caiojorge/fiap-challenge-ddd/internal/infraestructure/driven/repository/gorm/product_repository_gorm.go:114.113,117.25 3 0
github.com/caiojorge/fiap-challenge-ddd/internal/infraestructure/driven/repository/gorm/product_repository_gorm.go:117.25,118.54 1 0
github.com/caiojorge/fiap-challenge-ddd/internal/infraestructure/driven/repository/gorm/product_repository_gorm.go:118.54,120.4 1 0
github.com/caiojorge/fiap-challenge-ddd/internal/infraestructure/driven/repository/gorm/product_repository_gorm.go:121.3,121.27 1 0
github.com/caiojorge/fiap-challenge-ddd/internal/infraestructure/driven/repository/gorm/product_repository_gorm.go:124.2,125.39 2 0
github.com/caiojorge/fiap-challenge-ddd/internal/infraestructure/driven/repository/gorm/product_repository_gorm.go:125.39,128.3 2 0
github.com/caiojorge/fiap-challenge-ddd/internal/infraestructure/driven/repository/gorm/product_repository_gorm.go:130.2,130.22 1 0
github.com/caiojorge/fiap-challenge-ddd/internal/infraestructure/driven/repository/gorm/transaction_manager_gorm.go:17.69,19.2 1 0
github.com/caiojorge/fiap-challenge-ddd/internal/infraestructure/driven/repository/gorm/transaction_manager_gorm.go:21.115,24.21 2 0
github.com/caiojorge/fiap-challenge-ddd/internal/infraestructure/driven/repository/gorm/transaction_manager_gorm.go:24.21,26.3 1 0
github.com/caiojorge/fiap-challenge-ddd/internal/infraestructure/driven/repository/gorm/transaction_manager_gorm.go:29.2,32.38 2 0
github.com/caiojorge/fiap-challenge-ddd/internal/infraestructure/driven/repository/gorm/transaction_manager_gorm.go:32.38,35.3 2 0
github.com/caiojorge/fiap-challenge-ddd/internal/infraestructure/driven/repository/gorm/transaction_manager_gorm.go:38.2,38.26 1 0
github.com/caiojorge/fiap-challenge-ddd/internal/shared/generator/id_generator.go:5.30,7.2 1 1
github.com/caiojorge/fiap-challenge-ddd/internal/shared/time/time-locator.go:5.53,7.16 2 1
github.com/caiojorge/fiap-challenge-ddd/internal/shared/time/time-locator.go:7.16,9.3 1 0
github.com/caiojorge/fiap-challenge-ddd/internal/shared/time/time-locator.go:11.2,11.22 1 1
github.com/caiojorge/fiap-challenge-ddd/internal/shared/time/time-locator.go:14.31,17.2 2 1
github.com/caiojorge/fiap-challenge-ddd/internal/domain/repository/mocks/mock_checkout_repository.go:27.81,31.2 3 1
github.com/caiojorge/fiap-challenge-ddd/internal/domain/repository/mocks/mock_checkout_repository.go:34.79,36.2 1 1
github.com/caiojorge/fiap-challenge-ddd/internal/domain/repository/mocks/mock_checkout_repository.go:39.95,44.2 4 1
github.com/caiojorge/fiap-challenge-ddd/internal/domain/repository/mocks/mock_checkout_repository.go:47.94,50.2 2 1
github.com/caiojorge/fiap-challenge-ddd/internal/domain/repository/mocks/mock_checkout_repository.go:53.79,58.2 4 0
github.com/caiojorge/fiap-challenge-ddd/internal/domain/repository/mocks/mock_checkout_repository.go:61.88,64.2 2 0
github.com/caiojorge/fiap-challenge-ddd/internal/domain/repository/mocks/mock_checkout_repository.go:67.97,73.2 5 0
github.com/caiojorge/fiap-challenge-ddd/internal/domain/repository/mocks/mock_checkout_repository.go:76.86,79.2 2 0
github.com/caiojorge/fiap-challenge-ddd/internal/domain/repository/mocks/mock_checkout_repository.go:82.91,88.2 5 0
github.com/caiojorge/fiap-challenge-ddd/internal/domain/repository/mocks/mock_checkout_repository.go:91.85,94.2 2 0
github.com/caiojorge/fiap-challenge-ddd/internal/domain/repository/mocks/mock_checkout_repository.go:97.106,103.2 5 1
github.com/caiojorge/fiap-challenge-ddd/internal/domain/repository/mocks/mock_checkout_repository.go:106.95,109.2 2 1
github.com/caiojorge/fiap-challenge-ddd/internal/domain/repository/mocks/mock_checkout_repository.go:112.95,117.2 4 0
github.com/caiojorge/fiap-challenge-ddd/internal/domain/repository/mocks/mock_checkout_repository.go:120.94,123.2 2 0
github.com/caiojorge/fiap-challenge-ddd/internal/domain/repository/mocks/mock_checkout_repository.go:126.93,131.2 4 0
github.com/caiojorge/fiap-challenge-ddd/internal/domain/repository/mocks/mock_checkout_repository.go:134.102,137.2 2 0
github.com/caiojorge/fiap-challenge-ddd/internal/domain/repository/mocks/mock_customer_repository.go:27.81,31.2 3 0
github.com/caiojorge/fiap-challenge-ddd/internal/domain/repository/mocks/mock_customer_repository.go:34.79,36.2 1 0
github.com/caiojorge/fiap-challenge-ddd/internal/domain/repository/mocks/mock_customer_repository.go:39.95,44.2 4 0
github.com/caiojorge/fiap-challenge-ddd/internal/domain/repository/mocks/mock_customer_repository.go:47.94,50.2 2 0
github.com/caiojorge/fiap-challenge-ddd/internal/domain/repository/mocks/mock_customer_repository.go:53.97,59.2 5 0
github.com/caiojorge/fiap-challenge-ddd/internal/domain/repository/mocks/mock_customer_repository.go:62.86,65.2 2 0
github.com/caiojorge/fiap-challenge-ddd/internal/domain/repository/mocks/mock_customer_repository.go:68.91,74.2 5 0
github.com/caiojorge/fiap-challenge-ddd/internal/domain/repository/mocks/mock_customer_repository.go:77.85,80.2 2 0
github.com/caiojorge/fiap-challenge-ddd/internal/domain/repository/mocks/mock_customer_repository.go:83.95,88.2 4 0
github.com/caiojorge/fiap-challenge-ddd/internal/domain/repository/mocks/mock_customer_repository.go:91.94,94.2 2 0
github.com/caiojorge/fiap-challenge-ddd/internal/domain/repository/mocks/mock_kitchen_repository.go:27.79,31.2 3 1
github.com/caiojorge/fiap-challenge-ddd/internal/domain/repository/mocks/mock_kitchen_repository.go:34.77,36.2 1 0
github.com/caiojorge/fiap-challenge-ddd/internal/domain/repository/mocks/mock_kitchen_repository.go:39.87,44.2 4 0
github.com/caiojorge/fiap-challenge-ddd/internal/domain/repository/mocks/mock_kitchen_repository.go:47.87,50.2 2 0
github.com/caiojorge/fiap-challenge-ddd/internal/domain/repository/mocks/mock_kitchen_repository.go:53.78,58.2 4 0
github.com/caiojorge/fiap-challenge-ddd/internal/domain/repository/mocks/mock_kitchen_repository.go:61.87,64.2 2 0
github.com/caiojorge/fiap-challenge-ddd/internal/domain/repository/mocks/mock_kitchen_repository.go:67.95,73.2 5 0
github.com/caiojorge/fiap-challenge-ddd/internal/domain/repository/mocks/mock_kitchen_repository.go:76.85,79.2 2 0
github.com/caiojorge/fiap-challenge-ddd/internal/domain/repository/mocks/mock_kitchen_repository.go:82.89,88.2 5 0
github.com/caiojorge/fiap-challenge-ddd/internal/domain/repository/mocks/mock_kitchen_repository.go:91.84,94.2 2 0
github.com/caiojorge/fiap-challenge-ddd/internal/domain/repository/mocks/mock_kitchen_repository.go:97.125,103.2 5 0
github.com/caiojorge/fiap-challenge-ddd/internal/domain/repository/mocks/mock_kitchen_repository.go:106.97,109.2 2 0
github.com/caiojorge/fiap-challenge-ddd/internal/domain/repository/mocks/mock_kitchen_repository.go:112.87,117.2 4 0
github.com/caiojorge/fiap-challenge-ddd/internal/domain/repository/mocks/mock_kitchen_repository.go:120.87,123.2 2 0
github.com/caiojorge/fiap-challenge-ddd/internal/domain/repository/mocks/mock_order_repository.go:27.75,31.2 3 1
github.com/caiojorge/fiap-challenge-ddd/internal/domain/repository/mocks/mock_order_repository.go:34.73,36.2 1 1
github.com/caiojorge/fiap-challenge-ddd/internal/domain/repository/mocks/mock_order_repository.go:39.88,44.2 4 0
github.com/caiojorge/fiap-challenge-ddd/internal/domain/repository/mocks/mock_order_repository.go:47.90,50.2 2 0
github.com/caiojorge/fiap-challenge-ddd/internal/domain/repository/mocks/mock_order_repository.go:53.76,58.2 4 0
github.com/caiojorge/fiap-challenge-ddd/internal/domain/repository/mocks/mock_order_repository.go:61.85,64.2 2 0
github.com/caiojorge/fiap-challenge-ddd/internal/domain/repository/mocks/mock_order_repository.go:67.91,73.2 5 1
github.com/caiojorge/fiap-challenge-ddd/internal/domain/repository/mocks/mock_order_repository.go:76.83,79.2 2 1
github.com/caiojorge/fiap-challenge-ddd/internal/domain/repository/mocks/mock_order_repository.go:82.85,88.2 5 0
github.com/caiojorge/fiap-challenge-ddd/internal/domain/repository/mocks/mock_order_repository.go:91.82,94.2 2 0
github.com/caiojorge/fiap-challenge-ddd/internal/domain/repository/mocks/mock_order_repository.go:97.121,103.2 5 0
github.com/caiojorge/fiap-challenge-ddd/internal/domain/repository/mocks/mock_order_repository.go:106.95,109.2 2 0
github.com/caiojorge/fiap-challenge-ddd/internal/domain/repository/mocks/mock_order_repository.go:112.88,117.2 4 0
github.com/caiojorge/fiap-challenge-ddd/internal/domain/repository/mocks/mock_order_repository.go:120.90,123.2 2 0
github.com/caiojorge/fiap-challenge-ddd/internal/domain/repository/mocks/mock_order_repository.go:126.90,131.2 4 1
github.com/caiojorge/fiap-challenge-ddd/internal/domain/repository/mocks/mock_order_repository.go:134.99,137.2 2 1
github.com/caiojorge/fiap-challenge-ddd/internal/domain/repository/mocks/mock_product_repository.go:27.79,31.2 3 1
github.com/caiojorge/fiap-challenge-ddd/internal/domain/repository/mocks/mock_product_repository.go:34.77,36.2 1 1
github.com/caiojorge/fiap-challenge-ddd/internal/domain/repository/mocks/mock_product_repository.go:39.92,44.2 4 0
github.com/caiojorge/fiap-challenge-ddd/internal/domain/repository/mocks/mock_product_repository.go:47.92,50.2 2 0
github.com/caiojorge/fiap-challenge-ddd/internal/domain/repository/mocks/mock_product_repository.go:53.78,58.2 4 0
github.com/caiojorge/fiap-challenge-ddd/internal/domain/repository/mocks/mock_product_repository.go:61.87,64.2 2 0
github.com/caiojorge/fiap-challenge-ddd/internal/domain/repository/mocks/mock_product_repository.go:67.95,73.2 5 1
github.com/caiojorge/fiap-challenge-ddd/internal/domain/repository/mocks/mock_product_repository.go:76.85,79.2 2 1
github.com/caiojorge/fiap-challenge-ddd/internal/domain/repository/mocks/mock_product_repository.go:82.89,88.2 5 0
github.com/caiojorge/fiap-challenge-ddd/internal/domain/repository/mocks/mock_product_repository.go:91.84,94.2 2 0
github.com/caiojorge/fiap-challenge-ddd/internal/domain/repository/mocks/mock_product_repository.go:97.107,103.2 5 0
github.com/caiojorge/fiap-challenge-ddd/internal/domain/repository/mocks/mock_product_repository.go:106.95,109.2 2 0
github.com/caiojorge/fiap-challenge-ddd/internal/domain/repository/mocks/mock_product_repository.go:112.103,118.2 5 0
github.com/caiojorge/fiap-challenge-ddd/internal/domain/repository/mocks/mock_product_repository.go:121.93,124.2 2 0
github.com/caiojorge/fiap-challenge-ddd/internal/domain/repository/mocks/mock_product_repository.go:127.92,132.2 4 0
github.com/caiojorge/fiap-challenge-ddd/internal/domain/repository/mocks/mock_product_repository.go:135.92,138.2 2 0
github.com/caiojorge/fiap-challenge-ddd/internal/domain/repository/mocks/mock_transaction_manager.go:26.81,30.2 3 0
github.com/caiojorge/fiap-challenge-ddd/internal/domain/repository/mocks/mock_transaction_manager.go:33.79,35.2 1 0
github.com/caiojorge/fiap-challenge-ddd/internal/domain/repository/mocks/mock_transaction_manager.go:38.110,43.2 4 0
github.com/caiojorge/fiap-challenge-ddd/internal/domain/repository/mocks/mock_transaction_manager.go:46.98,49.2 2 0
github.com/caiojorge/fiap-challenge-ddd/internal/infraestructure/driver/api/controller/checkout/checkout_webhook_payment_controller.go:18.154,24.2 1 0
github.com/caiojorge/fiap-challenge-ddd/internal/infraestructure/driver/api/controller/checkout/checkout_webhook_payment_controller.go:37.72,42.43 3 0
github.com/caiojorge/fiap-challenge-ddd/internal/infraestructure/driver/api/controller/checkout/checkout_webhook_payment_controller.go:42.43,45.3 2 0
github.com/caiojorge/fiap-challenge-ddd/internal/infraestructure/driver/api/controller/checkout/checkout_webhook_payment_controller.go:48.2,49.16 2 0
github.com/caiojorge/fiap-challenge-ddd/internal/infraestructure/driver/api/controller/checkout/checkout_webhook_payment_controller.go:49.16,52.3 2 0
github.com/caiojorge/fiap-challenge-ddd/internal/infraestructure/driver/api/controller/checkout/checkout_webhook_payment_controller.go:54.2,54.19 1 0
github.com/caiojorge/fiap-challenge-ddd/internal/infraestructure/driver/api/controller/checkout/checkout_webhook_payment_controller.go:54.19,57.3 2 0
github.com/caiojorge/fiap-challenge-ddd/internal/infraestructure/driver/api/controller/checkout/checkout_webhook_payment_controller.go:59.2,59.31 1 0
github.com/caiojorge/fiap-challenge-ddd/internal/infraestructure/driver/api/controller/checkout/checkpayment_checkout_controller.go:21.77,26.2 1 0
github.com/caiojorge/fiap-challenge-ddd/internal/infraestructure/driver/api/controller/checkout/checkpayment_checkout_controller.go:39.82,43.14 2 1
github.com/caiojorge/fiap-challenge-ddd/internal/infraestructure/driver/api/controller/checkout/checkpayment_checkout_controller.go:43.14,46.3 2 0
github.com/caiojorge/fiap-challenge-ddd/internal/infraestructure/driver/api/controller/checkout/checkpayment_checkout_controller.go:48.2,49.16 2 1
github.com/caiojorge/fiap-challenge-ddd/internal/infraestructure/driver/api/controller/checkout/checkpayment_checkout_controller.go:49.16,50.52 1 1
github.com/caiojorge/fiap-challenge-ddd/internal/infraestructure/driver/api/controller/checkout/checkpayment_checkout_controller.go:50.52,53.4 2 1
github.com/caiojorge/fiap-challenge-ddd/internal/infraestructure/driver/api/controller/checkout/checkpayment_checkout_controller.go:54.3,54.55 1 1
github.com/caiojorge/fiap-challenge-ddd/internal/infraestructure/driver/api/controller/checkout/checkpayment_checkout_controller.go:54.55,57.4 2 0
github.com/caiojorge/fiap-challenge-ddd/internal/infraestructure/driver/api/controller/checkout/checkpayment_checkout_controller.go:58.3,59.9 2 1
github.com/caiojorge/fiap-challenge-ddd/internal/infraestructure/driver/api/controller/checkout/checkpayment_checkout_controller.go:62.2,62.19 1 1
github.com/caiojorge/fiap-challenge-ddd/internal/infraestructure/driver/api/controller/checkout/checkpayment_checkout_controller.go:62.19,65.3 2 0
github.com/caiojorge/fiap-challenge-ddd/internal/infraestructure/driver/api/controller/checkout/checkpayment_checkout_controller.go:67.2,67.31 1 1
github.com/caiojorge/fiap-challenge-ddd/internal/infraestructure/driver/api/controller/checkout/create_checkout_controller.go:20.73,25.2 1 1
github.com/caiojorge/fiap-challenge-ddd/internal/infraestructure/driver/api/controller/checkout/create_checkout_controller.go:39.71,43.41 2 1
github.com/caiojorge/fiap-challenge-ddd/internal/infraestructure/driver/api/controller/checkout/create_checkout_controller.go:43.41,46.3 2 0
github.com/caiojorge/fiap-challenge-ddd/internal/infraestructure/driver/api/controller/checkout/create_checkout_controller.go:48.2,49.16 2 1
github.com/caiojorge/fiap-challenge-ddd/internal/infraestructure/driver/api/controller/checkout/create_checkout_controller.go:49.16,52.3 2 0
github.com/caiojorge/fiap-challenge-ddd/internal/infraestructure/driver/api/controller/checkout/create_checkout_controller.go:54.2,54.19 1 1
github.com/caiojorge/fiap-challenge-ddd/internal/infraestructure/driver/api/controller/checkout/create_checkout_controller.go:54.19,57.3 2 0
github.com/caiojorge/fiap-challenge-ddd/internal/infraestructure/driver/api/controller/checkout/create_checkout_controller.go:59.2,59.52 1 1
github.com/caiojorge/fiap-challenge-ddd/internal/shared/generator/id_generator.go:5.30,7.2 1 1
github.com/caiojorge/fiap-challenge-ddd/internal/shared/time/time-locator.go:5.53,7.16 2 0
github.com/caiojorge/fiap-challenge-ddd/internal/shared/time/time-locator.go:7.16,9.3 1 0
github.com/caiojorge/fiap-challenge-ddd/internal/shared/time/time-locator.go:11.2,11.22 1 0
github.com/caiojorge/fiap-challenge-ddd/internal/shared/time/time-locator.go:14.31,17.2 2 0
github.com/caiojorge/fiap-challenge-ddd/internal/domain/repository/mocks/mock_checkout_repository.go:27.81,31.2 3 0
github.com/caiojorge/fiap-challenge-ddd/internal/domain/repository/mocks/mock_checkout_repository.go:34.79,36.2 1 0
github.com/caiojorge/fiap-challenge-ddd/internal/domain/repository/mocks/mock_checkout_repository.go:39.95,44.2 4 0
github.com/caiojorge/fiap-challenge-ddd/internal/domain/repository/mocks/mock_checkout_repository.go:47.94,50.2 2 0
github.com/caiojorge/fiap-challenge-ddd/internal/domain/repository/mocks/mock_checkout_repository.go:53.79,58.2 4 0
github.com/caiojorge/fiap-challenge-ddd/internal/domain/repository/mocks/mock_checkout_repository.go:61.88,64.2 2 0
github.com/caiojorge/fiap-challenge-ddd/internal/domain/repository/mocks/mock_checkout_repository.go:67.97,73.2 5 0
github.com/caiojorge/fiap-challenge-ddd/internal/domain/repository/mocks/mock_checkout_repository.go:76.86,79.2 2 0
github.com/caiojorge/fiap-challenge-ddd/internal/domain/repository/mocks/mock_checkout_repository.go:82.91,88.2 5 0
github.com/caiojorge/fiap-challenge-ddd/internal/domain/repository/mocks/mock_checkout_repository.go:91.85,94.2 2 0
github.com/caiojorge/fiap-challenge-ddd/internal/domain/repository/mocks/mock_checkout_repository.go:97.106,103.2 5 0
github.com/caiojorge/fiap-challenge-ddd/internal/domain/repository/mocks/mock_checkout_repository.go:106.95,109.2 2 0
github.com/caiojorge/fiap-challenge-ddd/internal/domain/repository/mocks/mock_checkout_repository.go:112.95,117.2 4 0
github.com/caiojorge/fiap-challenge-ddd/internal/domain/repository/mocks/mock_checkout_repository.go:120.94,123.2 2 0
github.com/caiojorge/fiap-challenge-ddd/internal/domain/repository/mocks/mock_checkout_repository.go:126.93,131.2 4 0
github.com/caiojorge/fiap-challenge-ddd/internal/domain/repository/mocks/mock_checkout_repository.go:134.102,137.2 2 0
github.com/caiojorge/fiap-challenge-ddd/internal/domain/repository/mocks/mock_customer_repository.go:27.81,31.2 3 1
github.com/caiojorge/fiap-challenge-ddd/internal/domain/repository/mocks/mock_customer_repository.go:34.79,36.2 1 1
github.com/caiojorge/fiap-challenge-ddd/internal/domain/repository/mocks/mock_customer_repository.go:39.95,44.2 4 1
github.com/caiojorge/fiap-challenge-ddd/internal/domain/repository/mocks/mock_customer_repository.go:47.94,50.2 2 1
github.com/caiojorge/fiap-challenge-ddd/internal/domain/repository/mocks/mock_customer_repository.go:53.97,59.2 5 1
github.com/caiojorge/fiap-challenge-ddd/internal/domain/repository/mocks/mock_customer_repository.go:62.86,65.2 2 1
github.com/caiojorge/fiap-challenge-ddd/internal/domain/repository/mocks/mock_customer_repository.go:68.91,74.2 5 1
github.com/caiojorge/fiap-challenge-ddd/internal/domain/repository/mocks/mock_customer_repository.go:77.85,80.2 2 1
github.com/caiojorge/fiap-challenge-ddd/internal/domain/repository/mocks/mock_customer_repository.go:83.95,88.2 4 0
github.com/caiojorge/fiap-challenge-ddd/internal/domain/repository/mocks/mock_customer_repository.go:91.94,94.2 2 0
github.com/caiojorge/fiap-challenge-ddd/internal/domain/repository/mocks/mock_kitchen_repository.go:27.79,31.2 3 0
github.com/caiojorge/fiap-challenge-ddd/internal/domain/repository/mocks/mock_kitchen_repository.go:34.77,36.2 1 0
github.com/caiojorge/fiap-challenge-ddd/internal/domain/repository/mocks/mock_kitchen_repository.go:39.87,44.2 4 0
github.com/caiojorge/fiap-challenge-ddd/internal/domain/repository/mocks/mock_kitchen_repository.go:47.87,50.2 2 0
github.com/caiojorge/fiap-challenge-ddd/internal/domain/repository/mocks/mock_kitchen_repository.go:53.78,58.2 4 0
github.com/caiojorge/fiap-challenge-ddd/internal/domain/repository/mocks/mock_kitchen_repository.go:61.87,64.2 2 0
github.com/caiojorge/fiap-challenge-ddd/internal/domain/repository/mocks/mock_kitchen_repository.go:67.95,73.2 5 0
github.com/caiojorge/fiap-challenge-ddd/internal/domain/repository/mocks/mock_kitchen_repository.go:76.85,79.2 2 0
github.com/caiojorge/fiap-challenge-ddd/internal/domain/repository/mocks/mock_kitchen_repository.go:82.89,88.2 5 0
github.com/caiojorge/fiap-challenge-ddd/internal/domain/repository/mocks/mock_kitchen_repository.go:91.84,94.2 2 0
github.com/caiojorge/fiap-challenge-ddd/internal/domain/repository/mocks/mock_kitchen_repository.go:97.125,103.2 5 0
github.com/caiojorge/fiap-challenge-ddd/internal/domain/repository/mocks/mock_kitchen_repository.go:106.97,109.2 2 0
[...]
github.com/caiojorge/fiap-challenge-ddd/internal/domain/repository/mocks/mock_checkout_repository.go:67.97,73.2 5 0
github.com/caiojorge/fiap-challenge-ddd/internal/domain/repository/mocks/mock_checkout_repository.go:76.86,79.2 2 0
github.com/caiojorge/fiap-challenge-ddd/internal/domain/repository/mocks/mock_checkout_repository.go:82.91,88.2 5 0
github.com/caiojorge/fiap-challenge-ddd/internal/domain/repository/mocks/mock_checkout_repository.go:91.85,94.2 2 0
github.com/caiojorge/fiap-challenge-ddd/internal/domain/repository/mocks/mock_checkout_repository.go:97.106,103.2 5 0
github.com/caiojorge/fiap-challenge-ddd/internal/domain/repository/mocks/mock_checkout_repository.go:106.95,109.2 2 0
github.com/caiojorge/fiap-challenge-ddd/internal/domain/repository/mocks/mock_checkout_repository.go:112.95,117.2 4 0
github.com/caiojorge/fiap-challenge-ddd/internal/domain/repository/mocks/mock_checkout_repository.go:120.94,123.2 2 0
github.com/caiojorge/fiap-challenge-ddd/internal/domain/repository/mocks/mock_checkout_repository.go:126.93,131.2 4 0
github.com/caiojorge/fiap-challenge-ddd/internal/domain/repository/mocks/mock_checkout_repository.go:134.102,137.2 2 0
github.com/caiojorge/fiap-challenge-ddd/internal/domain/repository/mocks/mock_customer_repository.go:27.81,31.2 3 0
github.com/caiojorge/fiap-challenge-ddd/internal/domain/repository/mocks/mock_customer_repository.go:34.79,36.2 1 0
github.com/caiojorge/fiap-challenge-ddd/internal/domain/repository/mocks/mock_customer_repository.go:39.95,44.2 4 0
github.com/caiojorge/fiap-challenge-ddd/internal/domain/repository/mocks/mock_customer_repository.go:47.94,50.2 2 0
github.com/caiojorge/fiap-challenge-ddd/internal/domain/repository/mocks/mock_customer_repository.go:53.97,59.2 5 0
github.com/caiojorge/fiap-challenge-ddd/internal/domain/repository/mocks/mock_customer_repository.go:62.86,65.2 2 0
github.com/caiojorge/fiap-challenge-ddd/internal/domain/repository/mocks/mock_customer_repository.go:68.91,74.2 5 0
github.com/caiojorge/fiap-challenge-ddd/internal/domain/repository/mocks/mock_customer_repository.go:77.85,80.2 2 0
github.com/caiojorge/fiap-challenge-ddd/internal/domain/repository/mocks/mock_customer_repository.go:83.95,88.2 4 0
github.com/caiojorge/fiap-challenge-ddd/internal/domain/repository/mocks/mock_customer_repository.go:91.94,94.2 2 0
github.com/caiojorge/fiap-challenge-ddd/internal/domain/repository/mocks/mock_kitchen_repository.go:27.79,31.2 3 0
github.com/caiojorge/fiap-challenge-ddd/internal/domain/repository/mocks/mock_kitchen_repository.go:34.77,36.2 1 0
github.com/caiojorge/fiap-challenge-ddd/internal/domain/repository/mocks/mock_kitchen_repository.go:39.87,44.2 4 0
github.com/caiojorge/fiap-challenge-ddd/internal/domain/repository/mocks/mock_kitchen_repository.go:47.87,50.2 2 0
github.com/caiojorge/fiap-challenge-ddd/internal/domain/repository/mocks/mock_kitchen_repository.go:53.78,58.2 4 0
github.com/caiojorge/fiap-challenge-ddd/internal/domain/repository/mocks/mock_kitchen_repository.go:61.87,64.2 2 0
github.com/caiojorge/fiap-challenge-ddd/internal/domain/repository/mocks/mock_kitchen_repository.go:67.95,73.2 5 0
github.com/caiojorge/fiap-challenge-ddd/internal/domain/repository/mocks/mock_kitchen_repository.go:76.85,79.2 2 0
github.com/caiojorge/fiap-challenge-ddd/internal/domain/repository/mocks/mock_kitchen_repository.go:82.89,88.2 5 0
github.com/caiojorge/fiap-challenge-ddd/internal/domain/repository/mocks/mock_kitchen_repository.go:91.84,94.2 2 0
github.com/caiojorge/fiap-challenge-ddd/internal/domain/repository/mocks/mock_kitchen_repository.go:97.125,103.2 5 0
github.com/caiojorge/fiap-challenge-ddd/internal/domain/repository/mocks/mock_kitchen_repository.go:106.97,109.2 2 0
github.com/caiojorge/fiap-challenge-ddd/internal/domain/repository/mocks/mock_kitchen_repository.go:112.87,117.2 4 0
github.com/caiojorge/fiap-challenge-ddd/internal/domain/repository/mocks/mock_kitchen_repository.go:120.87,123.2 2 0
github.com/caiojorge/fiap-challenge-ddd/internal/domain/repository/mocks/mock_order_repository.go:27.75,31.2 3 0
github.com/caiojorge/fiap-challenge-ddd/internal/domain/repository/mocks/mock_order_repository.go:34.73,36.2 1 0
github.com/caiojorge/fiap-challenge-ddd/internal/domain/repository/mocks/mock_order_repository.go:39.88,44.2 4 0
github.com/caiojorge/fiap-challenge-ddd/internal/domain/repository/mocks/mock_order_repository.go:47.90,50.2 2 0
github.com/caiojorge/fiap-challenge-ddd/internal/domain/repository/mocks/mock_order_repository.go:53.76,58.2 4 0
github.com/caiojorge/fiap-challenge-ddd/internal/domain/repository/mocks/mock_order_repository.go:61.85,64.2 2 0
github.com/caiojorge/fiap-challenge-ddd/internal/domain/repository/mocks/mock_order_repository.go:67.91,73.2 5 0
github.com/caiojorge/fiap-challenge-ddd/internal/domain/repository/mocks/mock_order_repository.go:76.83,79.2 2 0
github.com/caiojorge/fiap-challenge-ddd/internal/domain/repository/mocks/mock_order_repository.go:82.85,88.2 5 0
github.com/caiojorge/fiap-challenge-ddd/internal/domain/repository/mocks/mock_order_repository.go:91.82,94.2 2 0
github.com/caiojorge/fiap-challenge-ddd/internal/domain/repository/mocks/mock_order_repository.go:97.121,103.2 5 0
github.com/caiojorge/fiap-challenge-ddd/internal/domain/repository/mocks/mock_order_repository.go:106.95,109.2 2 0
github.com/caiojorge/fiap-challenge-ddd/internal/domain/repository/mocks/mock_order_repository.go:112.88,117.2 4 0
github.com/caiojorge/fiap-challenge-ddd/internal/domain/repository/mocks/mock_order_repository.go:120.90,123.2 2 0
github.com/caiojorge/fiap-challenge-ddd/internal/domain/repository/mocks/mock_order_repository.go:126.90,131.2 4 0
github.com/caiojorge/fiap-challenge-ddd/internal/domain/repository/mocks/mock_order_repository.go:134.99,137.2 2 0
github.com/caiojorge/fiap-challenge-ddd/internal/domain/repository/mocks/mock_product_repository.go:27.79,31.2 3 1
github.com/caiojorge/fiap-challenge-ddd/internal/domain/repository/mocks/mock_product_repository.go:34.77,36.2 1 1
github.com/caiojorge/fiap-challenge-ddd/internal/domain/repository/mocks/mock_product_repository.go:39.92,44.2 4 1
github.com/caiojorge/fiap-challenge-ddd/internal/domain/repository/mocks/mock_product_repository.go:47.92,50.2 2 1
github.com/caiojorge/fiap-challenge-ddd/internal/domain/repository/mocks/mock_product_repository.go:53.78,58.2 4 0
github.com/caiojorge/fiap-challenge-ddd/internal/domain/repository/mocks/mock_product_repository.go:61.87,64.2 2 0
github.com/caiojorge/fiap-challenge-ddd/internal/domain/repository/mocks/mock_product_repository.go:67.95,73.2 5 1
github.com/caiojorge/fiap-challenge-ddd/internal/domain/repository/mocks/mock_product_repository.go:76.85,79.2 2 1
github.com/caiojorge/fiap-challenge-ddd/internal/domain/repository/mocks/mock_product_repository.go:82.89,88.2 5 1
github.com/caiojorge/fiap-challenge-ddd/internal/domain/repository/mocks/mock_product_repository.go:91.84,94.2 2 1
github.com/caiojorge/fiap-challenge-ddd/internal/domain/repository/mocks/mock_product_repository.go:97.107,103.2 5 0
github.com/caiojorge/fiap-challenge-ddd/internal/domain/repository/mocks/mock_product_repository.go:106.95,109.2 2 0
github.com/caiojorge/fiap-challenge-ddd/internal/domain/repository/mocks/mock_product_repository.go:112.103,118.2 5 1
github.com/caiojorge/fiap-challenge-ddd/internal/domain/repository/mocks/mock_product_repository.go:121.93,124.2 2 1
github.com/caiojorge/fiap-challenge-ddd/internal/domain/repository/mocks/mock_product_repository.go:127.92,132.2 4 0
github.com/caiojorge/fiap-challenge-ddd/internal/domain/repository/mocks/mock_product_repository.go:135.92,138.2 2 0
github.com/caiojorge/fiap-challenge-ddd/internal/domain/repository/mocks/mock_transaction_manager.go:26.81,30.2 3 0
github.com/caiojorge/fiap-challenge-ddd/internal/domain/repository/mocks/mock_transaction_manager.go:33.79,35.2 1 0
github.com/caiojorge/fiap-challenge-ddd/internal/domain/repository/mocks/mock_transaction_manager.go:38.110,43.2 4 0
github.com/caiojorge/fiap-challenge-ddd/internal/domain/repository/mocks/mock_transaction_manager.go:46.98,49.2 2 0
github.com/caiojorge/fiap-challenge-ddd/internal/shared/generator/id_generator.go:5.30,7.2 1 1
github.com/caiojorge/fiap-challenge-ddd/internal/shared/time/time-locator.go:5.53,7.16 2 0
github.com/caiojorge/fiap-challenge-ddd/internal/shared/time/time-locator.go:7.16,9.3 1 0
github.com/caiojorge/fiap-challenge-ddd/internal/shared/time/time-locator.go:11.2,11.22 1 0
github.com/caiojorge/fiap-challenge-ddd/internal/shared/time/time-locator.go:14.31,17.2 2 0
github.com/caiojorge/fiap-challenge-ddd/internal/usecase/product/register/product_register.go:15.95,19.2 1 1
github.com/caiojorge/fiap-challenge-ddd/internal/usecase/product/register/product_register.go:22.141,26.54 3 1
github.com/caiojorge/fiap-challenge-ddd/internal/usecase/product/register/product_register.go:26.54,29.3 2 0
github.com/caiojorge/fiap-challenge-ddd/internal/usecase/product/register/product_register.go:31.2,31.24 1 1
github.com/caiojorge/fiap-challenge-ddd/internal/usecase/product/register/product_register.go:31.24,34.3 2 0
github.com/caiojorge/fiap-challenge-ddd/internal/usecase/product/register/product_register.go:36.2,42.16 5 1
github.com/caiojorge/fiap-challenge-ddd/internal/usecase/product/register/product_register.go:42.16,44.3 1 0
github.com/caiojorge/fiap-challenge-ddd/internal/usecase/product/register/product_register.go:46.2,49.21 3 1
github.com/caiojorge/fiap-challenge-ddd/internal/usecase/product/register/product_register_dto.go:13.64,20.2 1 1
github.com/caiojorge/fiap-challenge-ddd/internal/usecase/product/register/product_register_dto.go:30.73,36.2 5 1
github.com/caiojorge/fiap-challenge-ddd/internal/domain/repository/mocks/mock_checkout_repository.go:27.81,31.2 3 0
github.com/caiojorge/fiap-challenge-ddd/internal/domain/repository/mocks/mock_checkout_repository.go:34.79,36.2 1 0
github.com/caiojorge/fiap-challenge-ddd/internal/domain/repository/mocks/mock_checkout_repository.go:39.95,44.2 4 0
github.com/caiojorge/fiap-challenge-ddd/internal/domain/repository/mocks/mock_checkout_repository.go:47.94,50.2 2 0
github.com/caiojorge/fiap-challenge-ddd/internal/domain/repository/mocks/mock_checkout_repository.go:53.79,58.2 4 0
github.com/caiojorge/fiap-challenge-ddd/internal/domain/repository/mocks/mock_checkout_repository.go:61.88,64.2 2 0
github.com/caiojorge/fiap-challenge-ddd/internal/domain/repository/mocks/mock_checkout_repository.go:67.97,73.2 5 0
github.com/caiojorge/fiap-challenge-ddd/internal/domain/repository/mocks/mock_checkout_repository.go:76.86,79.2 2 0
github.com/caiojorge/fiap-challenge-ddd/internal/domain/repository/mocks/mock_checkout_repository.go:82.91,88.2 5 0
github.com/caiojorge/fiap-challenge-ddd/internal/domain/repository/mocks/mock_checkout_repository.go:91.85,94.2 2 0
github.com/caiojorge/fiap-challenge-ddd/internal/domain/repository/mocks/mock_checkout_repository.go:97.106,103.2 5 0
github.com/caiojorge/fiap-challenge-ddd/internal/domain/repository/mocks/mock_checkout_repository.go:106.95,109.2 2 0
github.com/caiojorge/fiap-challenge-ddd/internal/domain/repository/mocks/mock_checkout_repository.go:112.95,117.2 4 0
github.com/caiojorge/fiap-challenge-ddd/internal/domain/repository/mocks/mock_checkout_repository.go:120.94,123.2 2 0
github.com/caiojorge/fiap-challenge-ddd/internal/domain/repository/mocks/mock_checkout_repository.go:126.93,131.2 4 0
github.com/caiojorge/fiap-challenge-ddd/internal/domain/repository/mocks/mock_checkout_repository.go:134.102,137.2 2 0
github.com/caiojorge/fiap-challenge-ddd/internal/domain/repository/mocks/mock_customer_repository.go:27.81,31.2 3 0
github.com/caiojorge/fiap-challenge-ddd/internal/domain/repository/mocks/mock_customer_repository.go:34.79,36.2 1 0
github.com/caiojorge/fiap-challenge-ddd/internal/domain/repository/mocks/mock_customer_repository.go:39.95,44.2 4 0
github.com/caiojorge/fiap-challenge-ddd/internal/domain/repository/mocks/mock_customer_repository.go:47.94,50.2 2 0
github.com/caiojorge/fiap-challenge-ddd/internal/domain/repository/mocks/mock_customer_repository.go:53.97,59.2 5 0
github.com/caiojorge/fiap-challenge-ddd/internal/domain/repository/mocks/mock_customer_repository.go:62.86,65.2 2 0
github.com/caiojorge/fiap-challenge-ddd/internal/domain/repository/mocks/mock_customer_repository.go:68.91,74.2 5 0
github.com/caiojorge/fiap-challenge-ddd/internal/domain/repository/mocks/mock_customer_repository.go:77.85,80.2 2 0
github.com/caiojorge/fiap-challenge-ddd/internal/domain/repository/mocks/mock_customer_repository.go:83.95,88.2 4 0
github.com/caiojorge/fiap-challenge-ddd/internal/domain/repository/mocks/mock_customer_repository.go:91.94,94.2 2 0
github.com/caiojorge/fiap-challenge-ddd/internal/domain/repository/mocks/mock_kitchen_repository.go:27.79,31.2 3 0
github.com/caiojorge/fiap-challenge-ddd/internal/domain/repository/mocks/mock_kitchen_repository.go:34.77,36.2 1 0
github.com/caiojorge/fiap-challenge-ddd/internal/domain/repository/mocks/mock_kitchen_repository.go:39.87,44.2 4 0
github.com/caiojorge/fiap-challenge-ddd/internal/domain/repository/mocks/mock_kitchen_repository.go:47.87,50.2 2 0
github.com/caiojorge/fiap-challenge-ddd/internal/domain/repository/mocks/mock_kitchen_repository.go:53.78,58.2 4 0
github.com/caiojorge/fiap-challenge-ddd/internal/domain/repository/mocks/mock_kitchen_repository.go:61.87,64.2 2 0
github.com/caiojorge/fiap-challenge-ddd/internal/domain/repository/mocks/mock_kitchen_repository.go:67.95,73.2 5 0
github.com/caiojorge/fiap-challenge-ddd/internal/domain/repository/mocks/mock_kitchen_repository.go:76.85,79.2 2 0
github.com/caiojorge/fiap-challenge-ddd/internal/domain/repository/mocks/mock_kitchen_repository.go:82.89,88.2 5 0
github.com/caiojorge/fiap-challenge-ddd/internal/domain/repository/mocks/mock_kitchen_repository.go:91.84,94.2 2 0
github.com/caiojorge/fiap-challenge-ddd/internal/domain/repository/mocks/mock_kitchen_repository.go:97.125,103.2 5 0
github.com/caiojorge/fiap-challenge-ddd/internal/domain/repository/mocks/mock_kitchen_repository.go:106.97,109.2 2 0
github.com/caiojorge/fiap-challenge-ddd/internal/domain/repository/mocks/mock_kitchen_repository.go:112.87,117.2 4 0
github.com/caiojorge/fiap-challenge-ddd/internal/domain/repository/mocks/mock_kitchen_repository.go:120.87,123.2 2 0
github.com/caiojorge/fiap-challenge-ddd/internal/domain/repository/mocks/mock_order_repository.go:27.75,31.2 3 0
github.com/caiojorge/fiap-challenge-ddd/internal/domain/repository/mocks/mock_order_repository.go:34.73,36.2 1 0
github.com/caiojorge/fiap-challenge-ddd/internal/domain/repository/mocks/mock_order_repository.go:39.88,44.2 4 0
github.com/caiojorge/fiap-challenge-ddd/internal/domain/repository/mocks/mock_order_repository.go:47.90,50.2 2 0
github.com/caiojorge/fiap-challenge-ddd/internal/domain/repository/mocks/mock_order_repository.go:53.76,58.2 4 0
github.com/caiojorge/fiap-challenge-ddd/internal/domain/repository/mocks/mock_order_repository.go:61.85,64.2 2 0
github.com/caiojorge/fiap-challenge-ddd/internal/domain/repository/mocks/mock_order_repository.go:67.91,73.2 5 0
github.com/caiojorge/fiap-challenge-ddd/internal/domain/repository/mocks/mock_order_repository.go:76.83,79.2 2 0
github.com/caiojorge/fiap-challenge-ddd/internal/domain/repository/mocks/mock_order_repository.go:82.85,88.2 5 0
github.com/caiojorge/fiap-challenge-ddd/internal/domain/repository/mocks/mock_order_repository.go:91.82,94.2 2 0
github.com/caiojorge/fiap-challenge-ddd/internal/domain/repository/mocks/mock_order_repository.go:97.121,103.2 5 0
github.com/caiojorge/fiap-challenge-ddd/internal/domain/repository/mocks/mock_order_repository.go:106.95,109.2 2 0
github.com/caiojorge/fiap-challenge-ddd/internal/domain/repository/mocks/mock_order_repository.go:112.88,117.2 4 0
github.com/caiojorge/fiap-challenge-ddd/internal/domain/repository/mocks/mock_order_repository.go:120.90,123.2 2 0
github.com/caiojorge/fiap-challenge-ddd/internal/domain/repository/mocks/mock_order_repository.go:126.90,131.2 4 0
github.com/caiojorge/fiap-challenge-ddd/internal/domain/repository/mocks/mock_order_repository.go:134.99,137.2 2 0
github.com/caiojorge/fiap-challenge-ddd/internal/domain/repository/mocks/mock_product_repository.go:27.79,31.2 3 1
github.com/caiojorge/fiap-challenge-ddd/internal/domain/repository/mocks/mock_product_repository.go:34.77,36.2 1 1
github.com/caiojorge/fiap-challenge-ddd/internal/domain/repository/mocks/mock_product_repository.go:39.92,44.2 4 1
github.com/caiojorge/fiap-challenge-ddd/internal/domain/repository/mocks/mock_product_repository.go:47.92,50.2 2 1
github.com/caiojorge/fiap-challenge-ddd/internal/domain/repository/mocks/mock_product_repository.go:53.78,58.2 4 0
github.com/caiojorge/fiap-challenge-ddd/internal/domain/repository/mocks/mock_product_repository.go:61.87,64.2 2 0
github.com/caiojorge/fiap-challenge-ddd/internal/domain/repository/mocks/mock_product_repository.go:67.95,73.2 5 1
github.com/caiojorge/fiap-challenge-ddd/internal/domain/repository/mocks/mock_product_repository.go:76.85,79.2 2 1
github.com/caiojorge/fiap-challenge-ddd/internal/domain/repository/mocks/mock_product_repository.go:82.89,88.2 5 0
github.com/caiojorge/fiap-challenge-ddd/internal/domain/repository/mocks/mock_product_repository.go:91.84,94.2 2 0
github.com/caiojorge/fiap-challenge-ddd/internal/domain/repository/mocks/mock_product_repository.go:97.107,103.2 5 0
github.com/caiojorge/fiap-challenge-ddd/internal/domain/repository/mocks/mock_product_repository.go:106.95,109.2 2 0
github.com/caiojorge/fiap-challenge-ddd/internal/domain/repository/mocks/mock_product_repository.go:112.103,118.2 5 1
github.com/caiojorge/fiap-challenge-ddd/internal/domain/repository/mocks/mock_product_repository.go:121.93,124.2 2 1
github.com/caiojorge/fiap-challenge-ddd/internal/domain/repository/mocks/mock_product_repository.go:127.92,132.2 4 1
github.com/caiojorge/fiap-challenge-ddd/internal/domain/repository/mocks/mock_product_repository.go:135.92,138.2 2 1
github.com/caiojorge/fiap-challenge-ddd/internal/domain/repository/mocks/mock_transaction_manager.go:26.81,30.2 3 0
github.com/caiojorge/fiap-challenge-ddd/internal/domain/repository/mocks/mock_transaction_manager.go:33.79,35.2 1 0
github.com/caiojorge/fiap-challenge-ddd/internal/domain/repository/mocks/mock_transaction_manager.go:38.110,43.2 4 0
github.com/caiojorge/fiap-challenge-ddd/internal/domain/repository/mocks/mock_transaction_manager.go:46.98,49.2 2 0
github.com/caiojorge/fiap-challenge-ddd/internal/shared/generator/id_generator.go:5.30,7.2 1 1
github.com/caiojorge/fiap-challenge-ddd/internal/shared/time/time-locator.go:5.53,7.16 2 0
github.com/caiojorge/fiap-challenge-ddd/internal/shared/time/time-locator.go:7.16,9.3 1 0
github.com/caiojorge/fiap-challenge-ddd/internal/shared/time/time-locator.go:11.2,11.22 1 0
github.com/caiojorge/fiap-challenge-ddd/internal/shared/time/time-locator.go:14.31,17.2 2 0
github.com/caiojorge/fiap-challenge-ddd/internal/usecase/product/update/product_update.go:14.91,18.2 1 1
github.com/caiojorge/fiap-challenge-ddd/internal/usecase/product/update/product_update.go:21.132,24.16 2 1
github.com/caiojorge/fiap-challenge-ddd/internal/usecase/product/update/product_update.go:24.16,26.3 1 0
github.com/caiojorge/fiap-challenge-ddd/internal/usecase/product/update/product_update.go:28.2,28.16 1 1
github.com/caiojorge/fiap-challenge-ddd/internal/usecase/product/update/product_update.go:28.16,30.3 1 0
github.com/caiojorge/fiap-challenge-ddd/internal/usecase/product/update/product_update.go:32.2,33.16 2 1
github.com/caiojorge/fiap-challenge-ddd/internal/usecase/product/update/product_update.go:33.16,35.3 1 0
github.com/caiojorge/fiap-challenge-ddd/internal/usecase/product/update/product_update.go:37.2,40.20 3 1
github.com/caiojorge/fiap-challenge-ddd/internal/usecase/product/update/product_update_dto.go:14.62,22.2 1 1
github.com/caiojorge/fiap-challenge-ddd/internal/usecase/product/update/product_update_dto.go:32.71,38.2 5 1
